TN:
SF:src/App.jsx
FN:24,App
FNF:1
FNH:1
FNDA:14,App
DA:1,1
DA:19,1
DA:20,1
DA:21,1
DA:22,1
DA:24,14
DA:25,14
DA:26,14
DA:27,14
DA:28,14
DA:29,14
DA:30,14
DA:31,14
DA:32,14
DA:33,14
DA:34,14
DA:35,14
DA:36,14
DA:37,14
DA:38,14
DA:39,14
DA:40,14
DA:41,14
DA:42,14
DA:43,14
DA:44,14
DA:45,14
DA:46,14
DA:47,14
DA:48,14
DA:49,14
DA:50,14
DA:51,14
DA:53,14
LF:34
LH:34
BRDA:19,0,0,1
BRDA:20,1,0,1
BRDA:21,2,0,1
BRDA:22,3,0,1
BRDA:24,4,0,14
BRF:5
BRH:5
end_of_record
TN:
SF:src/api/client.js
FN:9,resolveApiUrl
FN:31,normalizeOptionsPayload
FN:42,ApiError
FN:55,errorMessage
FN:63,parseErrorBody
FN:79,request
FN:122,adminRequest
FN:133,blobRequest
FN:160,uploadImage
FN:224,findOrCreatePatient
FN:227,getPatient
FN:229,getPatientAssessments
FN:231,getSexOptions
FN:240,submitQuestionnaire
FN:243,updateQuestionnaire
FN:246,getQuestionnaire
FN:253,getQuestionnaireAssessment
FN:258,triggerAssessment
FN:261,getAssessment
FN:267,checkDoctor
FN:269,getDoctor
FN:271,registerDoctor
FN:277,loginDoctor
FN:279,getDoctorQueue
FN:281,getDoctorAssessment
FN:283,getDoctorImageBlob
FN:285,submitDoctorReview
FN:293,getPendingDoctors
FN:295,approveDoctor
FN:303,getAdminMetrics
FNF:30
FNH:30
FNDA:57,resolveApiUrl
FNDA:3,normalizeOptionsPayload
FNDA:78,ApiError
FNDA:11,errorMessage
FNDA:9,parseErrorBody
FNDA:35,request
FNDA:3,adminRequest
FNDA:4,blobRequest
FNDA:10,uploadImage
FNDA:2,findOrCreatePatient
FNDA:7,getPatient
FNDA:1,getPatientAssessments
FNDA:5,getSexOptions
FNDA:1,submitQuestionnaire
FNDA:1,updateQuestionnaire
FNDA:4,getQuestionnaire
FNDA:1,getQuestionnaireAssessment
FNDA:3,triggerAssessment
FNDA:1,getAssessment
FNDA:1,checkDoctor
FNDA:1,getDoctor
FNDA:1,registerDoctor
FNDA:1,loginDoctor
FNDA:1,getDoctorQueue
FNDA:1,getDoctorAssessment
FNDA:4,getDoctorImageBlob
FNDA:1,submitDoctorReview
FNDA:1,getPendingDoctors
FNDA:1,approveDoctor
FNDA:1,getAdminMetrics
DA:1,1
DA:3,1
DA:4,1
DA:5,1
DA:6,1
DA:7,1
DA:9,57
DA:10,57
DA:11,57
DA:12,57
DA:13,57
DA:15,1
DA:16,1
DA:17,1
DA:18,1
DA:19,1
DA:20,1
DA:21,1
DA:22,1
DA:23,1
DA:24,1
DA:25,1
DA:26,1
DA:27,1
DA:28,1
DA:29,1
DA:31,3
DA:32,3
DA:33,2
DA:34,3
DA:35,2
DA:36,2
DA:38,1
DA:39,1
DA:41,1
DA:42,1
DA:43,78
DA:44,78
DA:45,78
DA:46,78
DA:47,78
DA:48,1
DA:50,1
DA:51,1
DA:52,1
DA:53,1
DA:54,1
DA:55,11
DA:56,11
DA:57,1
DA:58,1
DA:60,11
DA:61,11
DA:63,9
DA:64,9
DA:65,9
DA:66,9
DA:67,2
DA:68,2
DA:69,2
DA:70,9
DA:72,1
DA:73,1
DA:74,1
DA:75,1
DA:76,1
DA:77,1
DA:78,1
DA:79,35
DA:80,35
DA:81,35
DA:82,35
DA:83,35
DA:85,35
DA:86,35
DA:87,35
DA:89,35
DA:91,35
DA:92,35
DA:93,35
DA:94,35
DA:95,35
DA:96,35
DA:97,35
DA:98,35
DA:99,35
DA:101,35
DA:102,7
DA:103,7
DA:104,7
DA:105,7
DA:106,7
DA:107,7
DA:108,7
DA:109,7
DA:110,7
DA:111,7
DA:113,35
DA:114,27
DA:115,35
DA:116,35
DA:118,1
DA:119,1
DA:120,1
DA:121,1
DA:122,3
DA:123,3
DA:124,1
DA:125,1
DA:126,2
DA:127,2
DA:128,3
DA:129,3
DA:130,3
DA:132,1
DA:133,4
DA:134,4
DA:135,4
DA:136,4
DA:137,4
DA:138,4
DA:139,4
DA:140,4
DA:142,4
DA:143,2
DA:144,2
DA:145,2
DA:146,2
DA:147,2
DA:148,2
DA:149,2
DA:151,2
DA:152,2
DA:154,1
DA:155,1
DA:156,1
DA:157,1
DA:158,1
DA:159,1
DA:160,10
DA:161,10
DA:163,10
DA:164,10
DA:165,10
DA:166,10
DA:168,10
DA:169,3
DA:170,1
DA:171,1
DA:172,10
DA:174,10
DA:175,9
DA:176,7
DA:177,7
DA:178,7
DA:179,1
DA:180,1
DA:181,9
DA:182,2
DA:183,2
DA:184,2
DA:185,2
DA:186,1
DA:187,1
DA:188,2
DA:189,2
DA:190,2
DA:191,2
DA:192,2
DA:193,2
DA:194,2
DA:195,2
DA:196,10
DA:198,10
DA:199,1
DA:200,10
DA:202,10
DA:204,10
DA:205,10
DA:206,10
DA:207,9
DA:208,9
DA:210,10
DA:211,10
DA:212,10
DA:214,1
DA:215,1
DA:216,1
DA:217,1
DA:218,1
DA:219,1
DA:220,1
DA:221,1
DA:222,1
DA:223,1
DA:224,1
DA:225,1
DA:227,1
DA:229,1
DA:231,1
DA:232,5
DA:233,5
DA:234,5
DA:235,2
DA:236,1
DA:237,1
DA:238,1
DA:240,1
DA:241,1
DA:243,1
DA:244,1
DA:246,1
DA:248,1
DA:249,1
DA:250,1
DA:251,1
DA:252,1
DA:253,1
DA:254,1
DA:256,1
DA:258,1
DA:259,1
DA:261,1
DA:263,1
DA:264,1
DA:265,1
DA:267,1
DA:269,1
DA:271,1
DA:272,1
DA:273,1
DA:274,1
DA:275,1
DA:277,1
DA:279,1
DA:281,1
DA:283,1
DA:285,1
DA:286,1
DA:287,1
DA:288,1
DA:289,1
DA:291,1
DA:293,1
DA:295,1
DA:296,1
DA:298,1
DA:299,1
DA:300,1
DA:301,1
DA:302,1
DA:303,1
DA:305,1
DA:306,1
LF:254
LH:254
BRDA:6,0,0,2
BRDA:6,1,0,1
BRDA:7,2,0,64
BRDA:9,3,0,57
BRDA:10,4,0,55
BRDA:10,5,0,4
BRDA:10,6,0,2
BRDA:10,7,0,53
BRDA:11,8,0,52
BRDA:11,9,0,1
BRDA:31,10,0,3
BRDA:32,11,0,2
BRDA:36,12,0,1
BRDA:33,13,0,3
BRDA:34,14,0,2
BRDA:34,15,0,1
BRDA:42,16,0,78
BRDA:55,17,0,11
BRDA:56,18,0,8
BRDA:56,19,0,2
BRDA:56,20,0,1
BRDA:58,21,0,10
BRDA:60,22,0,7
BRDA:60,23,0,4
BRDA:60,24,0,1
BRDA:60,25,0,3
BRDA:63,26,0,9
BRDA:66,27,0,2
BRDA:79,28,0,35
BRDA:86,29,0,0
BRDA:87,30,0,34
BRDA:87,31,0,1
BRDA:89,32,0,0
BRDA:96,33,0,33
BRDA:101,34,0,7
BRDA:104,35,0,5
BRDA:111,36,0,28
BRDA:113,37,0,1
BRDA:113,38,0,27
BRDA:115,39,0,26
BRDA:115,40,0,1
BRDA:122,41,0,3
BRDA:123,42,0,1
BRDA:125,43,0,2
BRDA:133,44,0,4
BRDA:138,45,0,3
BRDA:138,46,0,1
BRDA:142,47,0,2
BRDA:160,48,0,10
BRDA:163,49,0,10
BRDA:206,50,0,9
BRDA:168,51,0,3
BRDA:169,52,0,2
BRDA:169,53,0,1
BRDA:174,54,0,9
BRDA:175,55,0,7
BRDA:177,56,0,6
BRDA:177,57,0,1
BRDA:178,58,0,1
BRDA:181,59,0,2
BRDA:185,60,0,1
BRDA:198,61,0,1
BRDA:224,62,0,2
BRDA:227,63,0,7
BRDA:229,64,0,1
BRDA:231,65,0,5
BRDA:233,66,0,3
BRDA:234,67,0,2
BRDA:235,68,0,1
BRDA:240,69,0,1
BRDA:243,70,0,1
BRDA:246,71,0,4
BRDA:253,72,0,1
BRDA:258,73,0,3
BRDA:261,74,0,1
BRDA:267,75,0,1
BRDA:269,76,0,1
BRDA:271,77,0,1
BRDA:277,78,0,1
BRDA:279,79,0,1
BRDA:281,80,0,1
BRDA:283,81,0,4
BRDA:285,82,0,1
BRDA:293,83,0,1
BRDA:295,84,0,1
BRDA:303,85,0,1
BRF:86
BRH:84
end_of_record
TN:
SF:src/components/doctor/DoctorRoute.jsx
FN:17,DoctorRoute
FNF:1
FNH:1
FNDA:15,DoctorRoute
DA:1,1
DA:17,15
DA:18,15
DA:19,15
DA:20,15
DA:22,15
DA:27,15
DA:28,15
DA:29,1
DA:30,1
DA:31,15
DA:33,15
DA:34,8
DA:35,8
DA:37,15
DA:38,4
DA:39,4
DA:41,3
DA:42,3
LF:19
LH:19
BRDA:17,0,0,15
BRDA:33,1,0,8
BRDA:35,2,0,7
BRDA:37,3,0,4
BRDA:37,4,0,4
BRDA:39,5,0,3
BRDA:22,6,0,8
BRDA:22,7,0,7
BRDA:27,8,0,15
BRDA:28,9,0,3
BRDA:28,10,0,1
BRF:11
BRH:11
end_of_record
TN:
SF:src/components/doctor/DoctorShell.jsx
FN:6,DoctorShell
FN:10,signOut
FN:18,onClick
FNF:3
FNH:3
FNDA:330,DoctorShell
FNDA:1,signOut
FNDA:1,onClick
DA:1,1
DA:6,330
DA:7,330
DA:8,330
DA:10,330
DA:11,1
DA:12,1
DA:13,1
DA:15,330
DA:16,330
DA:17,330
DA:18,330
DA:19,330
DA:20,330
DA:21,330
DA:22,330
DA:23,330
DA:24,330
DA:25,330
DA:26,330
DA:27,330
DA:28,330
DA:30,330
LF:23
LH:23
BRDA:6,0,0,330
BRDA:23,1,0,329
BRDA:10,2,0,1
BRDA:18,3,0,1
BRF:4
BRH:4
end_of_record
TN:
SF:src/components/doctor/RiskTier.jsx
FN:9,RiskTier
FNF:1
FNH:1
FNDA:482,RiskTier
DA:1,1
DA:3,1
DA:4,1
DA:5,1
DA:6,1
DA:7,1
DA:9,482
DA:10,482
DA:11,482
DA:13,482
DA:14,482
DA:15,482
DA:16,482
DA:17,482
DA:19,482
LF:15
LH:15
BRDA:9,0,0,482
BRDA:10,1,0,37
BRDA:11,2,0,446
BRDA:11,3,0,36
BRF:4
BRH:4
end_of_record
TN:
SF:src/components/layout/AccountMenu.jsx
FN:7,AccountMenu
FN:15,handleOutsideClick
FN:20,handleEscape
FN:31,go
FN:36,handleLogout
FN:47,onClick
FN:58,onClick
FN:63,onClick
FN:67,onClick
FNF:9
FNH:9
FNDA:496,AccountMenu
FNDA:7,handleOutsideClick
FNDA:2,handleEscape
FNDA:3,go
FNDA:1,handleLogout
FNDA:12,onClick
FNDA:1,onClick
FNDA:1,onClick
FNDA:1,onClick
DA:1,1
DA:7,496
DA:8,496
DA:9,496
DA:10,496
DA:11,496
DA:13,496
DA:14,180
DA:15,11
DA:16,7
DA:17,1
DA:18,1
DA:19,7
DA:20,11
DA:21,2
DA:22,2
DA:23,11
DA:24,11
DA:25,11
DA:26,11
DA:27,11
DA:28,11
DA:29,496
DA:31,496
DA:32,3
DA:33,3
DA:34,3
DA:36,496
DA:37,1
DA:38,1
DA:39,1
DA:40,1
DA:42,496
DA:43,496
DA:44,496
DA:45,496
DA:46,496
DA:47,496
DA:48,496
DA:49,496
DA:50,496
DA:51,496
DA:53,496
DA:54,496
DA:56,496
DA:57,11
DA:58,11
DA:59,11
DA:60,11
DA:61,11
DA:62,11
DA:63,11
DA:64,11
DA:65,11
DA:66,11
DA:67,11
DA:68,11
DA:69,11
DA:70,11
DA:71,11
DA:72,11
DA:73,11
DA:74,11
DA:75,11
DA:76,11
DA:78,496
DA:80,496
LF:67
LH:67
BRDA:7,0,0,496
BRDA:56,1,0,11
BRDA:13,2,0,180
BRDA:14,3,0,169
BRDA:14,4,0,11
BRDA:15,5,0,7
BRDA:16,6,0,1
BRDA:20,7,0,2
BRDA:25,8,0,11
BRDA:31,9,0,3
BRDA:36,10,0,1
BRDA:47,11,0,12
BRDA:47,12,0,12
BRDA:58,13,0,1
BRDA:63,14,0,1
BRDA:67,15,0,1
BRF:16
BRH:16
end_of_record
TN:
SF:src/components/layout/AppShell.jsx
FN:13,configured
FN:24,reviewerLine
FN:38,AppShell
FN:51,handleOnline
FN:52,handleOffline
FN:64,handleBack
FN:129,onClick
FNF:7
FNH:7
FNDA:16,configured
FNDA:889,reviewerLine
FNDA:889,AppShell
FNDA:1,handleOnline
FNDA:2,handleOffline
FNDA:3,handleBack
FNDA:1,onClick
DA:1,1
DA:13,16
DA:14,16
DA:15,16
DA:16,0
DA:17,0
DA:19,1
DA:20,1
DA:24,889
DA:25,889
DA:26,889
DA:27,889
DA:28,889
DA:29,889
DA:31,1
DA:38,889
DA:39,889
DA:40,889
DA:41,889
DA:42,889
DA:43,889
DA:44,889
DA:45,889
DA:46,889
DA:47,889
DA:48,889
DA:50,889
DA:51,198
DA:52,198
DA:54,198
DA:55,198
DA:56,198
DA:57,198
DA:58,198
DA:59,198
DA:60,889
DA:62,889
DA:64,889
DA:65,3
DA:66,2
DA:67,1
DA:68,3
DA:70,889
DA:71,889
DA:72,889
DA:73,889
DA:74,889
DA:75,889
DA:76,148
DA:77,148
DA:78,148
DA:79,148
DA:80,148
DA:82,148
DA:83,148
DA:85,741
DA:86,741
DA:87,741
DA:88,741
DA:91,889
DA:93,889
DA:94,889
DA:96,889
DA:97,324
DA:98,324
DA:99,324
DA:100,324
DA:101,324
DA:102,324
DA:103,324
DA:104,324
DA:105,324
DA:106,324
DA:107,324
DA:108,324
DA:109,324
DA:110,324
DA:112,889
DA:114,889
DA:115,3
DA:116,3
DA:117,3
DA:118,3
DA:121,889
DA:123,889
DA:124,889
DA:125,889
DA:126,397
DA:127,397
DA:128,397
DA:129,397
DA:130,397
DA:132,397
DA:134,889
DA:135,889
DA:137,889
LF:96
LH:94
BRDA:13,0,0,16
BRDA:14,1,0,0
BRDA:15,2,0,0
BRDA:24,3,0,889
BRDA:25,4,0,0
BRDA:25,5,0,0
BRDA:26,6,0,0
BRDA:27,7,0,0
BRDA:38,8,0,889
BRDA:62,9,0,325
BRDA:75,10,0,148
BRDA:83,11,0,741
BRDA:91,12,0,148
BRDA:91,13,0,145
BRDA:93,14,0,465
BRDA:93,15,0,424
BRDA:96,16,0,324
BRDA:114,17,0,3
BRDA:125,18,0,397
BRDA:50,19,0,198
BRDA:51,20,0,1
BRDA:52,21,0,2
BRDA:56,22,0,198
BRDA:64,23,0,3
BRDA:65,24,0,1
BRDA:65,25,0,2
BRDA:66,26,0,1
BRDA:129,27,0,1
BRF:28
BRH:22
end_of_record
TN:
SF:src/components/shared/ChoiceGroup.jsx
FN:13,ChoiceGroup
FN:26,onClick
FN:34,onClick
FNF:3
FNH:3
FNDA:694,ChoiceGroup
FNDA:53,onClick
FNDA:5,onClick
DA:1,1
DA:13,694
DA:14,694
DA:15,694
DA:16,694
DA:17,694
DA:18,694
DA:19,694
DA:21,694
DA:22,694
DA:23,694
DA:24,694
DA:25,694
DA:26,694
DA:27,694
DA:29,694
DA:30,694
DA:31,694
DA:32,694
DA:33,694
DA:34,694
DA:35,694
DA:37,694
DA:38,694
DA:39,694
DA:41,694
LF:26
LH:26
BRDA:13,0,0,694
BRDA:18,1,0,343
BRDA:24,2,0,320
BRDA:24,3,0,374
BRDA:32,4,0,67
BRDA:32,5,0,627
BRDA:26,6,0,53
BRDA:34,7,0,5
BRF:8
BRH:8
end_of_record
TN:
SF:src/components/shared/ErrorState.jsx
FN:9,ErrorState
FNF:1
FNH:1
FNDA:30,ErrorState
DA:1,1
DA:9,30
DA:10,30
DA:11,30
DA:12,30
DA:13,30
DA:14,30
DA:15,30
DA:16,30
DA:17,30
DA:18,30
DA:19,30
DA:20,30
DA:21,26
DA:22,26
DA:23,26
DA:25,30
DA:27,30
LF:18
LH:18
BRDA:9,0,0,30
BRDA:20,1,0,26
BRF:2
BRH:2
end_of_record
TN:
SF:src/components/shared/HomeCareRecommendations.jsx
FN:10,normalizeRecommendations
FN:13,parseItem
FN:63,HomeCareRecommendations
FNF:3
FNH:3
FNDA:60,normalizeRecommendations
FNDA:48,parseItem
FNDA:56,HomeCareRecommendations
DA:1,1
DA:10,60
DA:11,60
DA:13,44
DA:14,48
DA:15,48
DA:16,33
DA:17,33
DA:18,33
DA:19,13
DA:20,13
DA:21,13
DA:22,13
DA:23,11
DA:24,11
DA:25,11
DA:26,11
DA:27,11
DA:28,13
DA:29,2
DA:30,48
DA:31,48
DA:33,47
DA:34,33
DA:35,33
DA:37,34
DA:38,6
DA:39,6
DA:40,2
DA:41,6
DA:42,6
DA:44,34
DA:45,4
DA:46,4
DA:48,3
DA:49,3
DA:50,3
DA:51,3
DA:53,4
DA:54,2
DA:55,2
DA:57,1
DA:58,1
DA:60,1
DA:61,1
DA:63,56
DA:64,56
DA:66,56
DA:67,20
DA:68,20
DA:70,36
DA:71,36
DA:72,36
DA:73,36
DA:74,36
DA:75,36
DA:76,36
DA:77,36
DA:79,36
DA:80,36
DA:82,36
DA:83,36
DA:84,36
DA:86,36
DA:87,36
DA:88,51
DA:89,51
DA:90,51
DA:91,51
DA:92,51
DA:93,51
DA:97,51
DA:98,51
DA:99,51
DA:100,51
DA:101,51
DA:102,51
DA:103,36
DA:104,36
DA:105,36
DA:107,36
LF:81
LH:81
BRDA:10,0,0,60
BRDA:11,1,0,47
BRDA:11,2,0,16
BRDA:11,3,0,44
BRDA:33,4,0,33
BRDA:35,5,0,34
BRDA:35,6,0,11
BRDA:37,7,0,6
BRDA:38,8,0,5
BRDA:38,9,0,4
BRDA:38,10,0,3
BRDA:39,11,0,4
BRDA:39,12,0,4
BRDA:39,13,0,2
BRDA:41,14,0,0
BRDA:42,15,0,5
BRDA:44,16,0,4
BRDA:46,17,0,1
BRDA:46,18,0,3
BRDA:53,19,0,2
BRDA:55,20,0,1
BRDA:58,21,0,1
BRDA:13,22,0,48
BRDA:14,23,0,2
BRDA:14,24,0,46
BRDA:15,25,0,33
BRDA:17,26,0,32
BRDA:17,27,0,1
BRDA:18,28,0,27
BRDA:18,29,0,13
BRDA:20,30,0,9
BRDA:20,31,0,8
BRDA:20,32,0,7
BRDA:21,33,0,11
BRDA:21,34,0,8
BRDA:21,35,0,7
BRDA:21,36,0,6
BRDA:21,37,0,5
BRDA:22,38,0,7
BRDA:22,39,0,11
BRDA:24,40,0,6
BRDA:24,41,0,5
BRDA:25,42,0,8
BRDA:25,43,0,3
BRDA:28,44,0,2
BRDA:30,45,0,0
BRDA:50,46,0,6
BRDA:51,47,0,6
BRDA:54,48,0,5
BRDA:63,49,0,56
BRDA:66,50,0,43
BRDA:66,51,0,20
BRDA:68,52,0,36
BRDA:64,53,0,56
BRDA:87,54,0,51
BRDA:99,55,0,6
BRDA:100,56,0,48
BRF:57
BRH:55
end_of_record
TN:
SF:src/components/shared/ImageUploadRow.jsx
FN:8,ImageUploadRow
FN:43,onClick
FN:54,onClick
FNF:3
FNH:3
FNDA:79,ImageUploadRow
FNDA:2,onClick
FNDA:3,onClick
DA:1,1
DA:8,79
DA:9,79
DA:11,79
DA:12,79
DA:13,79
DA:14,75
DA:16,4
DA:19,79
DA:20,79
DA:22,79
DA:23,25
DA:24,25
DA:26,25
DA:29,79
DA:30,79
DA:31,79
DA:32,10
DA:33,10
DA:34,10
DA:36,79
DA:38,79
DA:39,79
DA:40,10
DA:41,10
DA:42,10
DA:43,10
DA:44,10
DA:45,10
DA:46,10
DA:48,10
DA:50,79
DA:51,47
DA:52,47
DA:53,47
DA:54,47
DA:55,47
DA:56,47
DA:57,47
DA:59,47
DA:61,79
DA:62,79
DA:64,79
LF:43
LH:43
BRDA:8,0,0,79
BRDA:13,1,0,75
BRDA:14,2,0,4
BRDA:22,3,0,25
BRDA:29,4,0,10
BRDA:30,5,0,34
BRDA:31,6,0,10
BRDA:33,7,0,3
BRDA:39,8,0,10
BRDA:50,9,0,72
BRDA:50,10,0,47
BRDA:43,11,0,2
BRDA:54,12,0,3
BRF:13
BRH:13
end_of_record
TN:
SF:src/components/shared/LoadingState.jsx
FN:3,LoadingState
FNF:1
FNH:1
FNDA:19,LoadingState
DA:1,1
DA:3,19
DA:4,19
DA:5,19
DA:6,19
DA:7,19
DA:8,19
DA:10,19
LF:8
LH:8
BRDA:3,0,0,19
BRF:1
BRH:1
end_of_record
TN:
SF:src/components/shared/OtpInput.jsx
FN:4,OtpInput
FN:34,handleChange
FN:52,handleKeyDown
FN:60,handlePaste
FN:80,handleResendClick
FN:94,ref
FN:99,onChange
FN:100,onKeyDown
FNF:8
FNH:8
FNDA:428,OtpInput
FNDA:217,handleChange
FNDA:218,handleKeyDown
FNDA:5,handlePaste
FNDA:3,handleResendClick
FNDA:5040,ref
FNDA:217,onChange
FNDA:218,onKeyDown
DA:1,1
DA:4,428
DA:5,428
DA:6,428
DA:7,428
DA:8,428
DA:9,428
DA:10,428
DA:11,428
DA:12,428
DA:13,428
DA:15,428
DA:17,67
DA:18,67
DA:19,67
DA:20,428
DA:22,428
DA:23,194
DA:24,194
DA:25,189
DA:26,126
DA:27,189
DA:28,189
DA:29,194
DA:30,194
DA:31,194
DA:32,428
DA:34,428
DA:35,217
DA:36,217
DA:37,217
DA:38,217
DA:41,217
DA:42,178
DA:43,178
DA:46,217
DA:47,217
DA:48,35
DA:49,35
DA:50,217
DA:52,428
DA:53,218
DA:54,3
DA:55,1
DA:56,1
DA:57,3
DA:58,218
DA:60,428
DA:61,5
DA:62,5
DA:63,5
DA:65,4
DA:66,5
DA:67,19
DA:68,19
DA:69,4
DA:71,4
DA:72,5
DA:74,5
DA:75,5
DA:76,3
DA:77,3
DA:78,5
DA:80,428
DA:81,3
DA:82,3
DA:83,3
DA:84,3
DA:85,3
DA:86,3
DA:88,428
DA:89,428
DA:90,428
DA:91,428
DA:92,2520
DA:93,2520
DA:94,2520
DA:95,2520
DA:96,2520
DA:97,2520
DA:98,2520
DA:99,2520
DA:100,2520
DA:101,2520
DA:102,2520
DA:103,2520
DA:104,2520
DA:105,428
DA:106,428
DA:108,428
DA:109,428
DA:110,422
DA:111,422
DA:112,422
DA:114,5
DA:115,5
DA:116,5
DA:117,5
DA:118,5
DA:119,5
DA:121,5
DA:123,428
DA:124,428
DA:126,428
LF:104
LH:104
BRDA:4,0,0,428
BRDA:109,1,0,422
BRDA:112,2,0,5
BRDA:15,3,0,67
BRDA:22,4,0,194
BRDA:24,5,0,189
BRDA:25,6,0,126
BRDA:26,7,0,126
BRDA:29,8,0,194
BRDA:30,9,0,189
BRDA:34,10,0,217
BRDA:41,11,0,215
BRDA:41,12,0,178
BRDA:47,13,0,36
BRDA:47,14,0,35
BRDA:52,15,0,218
BRDA:53,16,0,3
BRDA:54,17,0,2
BRDA:54,18,0,1
BRDA:60,19,0,5
BRDA:63,20,0,1
BRDA:63,21,0,4
BRDA:66,22,0,19
BRDA:68,23,0,4
BRDA:75,24,0,3
BRDA:75,25,0,3
BRDA:80,26,0,3
BRDA:81,27,0,0
BRDA:91,28,0,2520
BRDA:101,29,0,811
BRDA:101,30,0,1709
BRDA:94,31,0,5040
BRDA:99,32,0,217
BRDA:100,33,0,218
BRF:34
BRH:33
end_of_record
TN:
SF:src/components/shared/PageTransition.jsx
FN:11,PageTransition
FNF:1
FNH:1
FNDA:1745,PageTransition
DA:1,1
DA:11,1745
DA:12,1745
DA:13,1745
DA:14,1745
DA:15,1745
DA:16,1745
DA:17,1745
DA:19,1745
DA:20,1745
DA:22,1745
LF:11
LH:11
BRDA:11,0,0,1745
BRF:1
BRH:1
end_of_record
TN:
SF:src/components/shared/PrivacyPolicyModal.jsx
FN:6,PrivacyPolicyModal
FN:7,handleAgree
FN:13,handleKeyDown
FN:34,onClick
FNF:4
FNH:4
FNDA:410,PrivacyPolicyModal
FNDA:3,handleAgree
FNDA:2,handleKeyDown
FNDA:5,onClick
DA:1,1
DA:6,410
DA:7,410
DA:8,3
DA:9,3
DA:10,3
DA:12,410
DA:13,410
DA:14,2
DA:15,2
DA:17,410
DA:18,13
DA:19,13
DA:20,13
DA:22,410
DA:23,410
DA:24,410
DA:25,410
DA:26,410
DA:28,410
DA:29,410
DA:30,410
DA:31,13
DA:32,13
DA:33,13
DA:34,13
DA:35,13
DA:36,13
DA:37,13
DA:38,13
DA:40,13
DA:41,13
DA:42,13
DA:43,13
DA:44,13
DA:45,13
DA:46,13
DA:47,13
DA:48,13
DA:49,13
DA:51,13
DA:52,13
DA:53,13
DA:55,13
DA:56,13
DA:57,13
DA:59,13
DA:60,13
DA:62,13
DA:63,13
DA:64,13
DA:65,13
DA:66,13
DA:68,13
DA:69,13
DA:71,13
DA:72,13
DA:73,13
DA:74,13
DA:75,13
DA:77,13
DA:78,13
DA:80,13
DA:81,13
DA:82,13
DA:83,13
DA:84,13
DA:86,13
DA:87,13
DA:89,13
DA:90,13
DA:91,13
DA:92,13
DA:93,13
DA:95,13
DA:96,13
DA:97,13
DA:99,13
DA:100,13
DA:102,13
DA:103,13
DA:104,13
DA:105,13
DA:107,410
DA:109,410
LF:85
LH:85
BRDA:6,0,0,410
BRDA:30,1,0,13
BRDA:7,2,0,3
BRDA:8,3,0,2
BRDA:12,4,0,410
BRDA:17,5,0,13
BRDA:13,6,0,2
BRDA:14,7,0,1
BRDA:22,8,0,410
BRDA:34,9,0,5
BRF:10
BRH:10
end_of_record
TN:
SF:src/components/shared/RiskBadge.jsx
FN:37,RiskBadge
FNF:1
FNH:1
FNDA:38,RiskBadge
DA:1,1
DA:5,1
DA:6,1
DA:7,1
DA:8,1
DA:9,1
DA:10,1
DA:11,1
DA:12,1
DA:13,1
DA:14,1
DA:15,1
DA:16,1
DA:17,1
DA:18,1
DA:19,1
DA:20,1
DA:21,1
DA:22,1
DA:23,1
DA:24,1
DA:25,1
DA:26,1
DA:27,1
DA:37,38
DA:38,38
DA:39,38
DA:40,38
DA:42,38
DA:43,3
DA:44,3
DA:45,3
DA:46,3
DA:47,3
DA:49,3
DA:51,35
DA:52,35
DA:53,35
DA:54,35
DA:55,35
DA:56,38
DA:57,38
DA:58,38
DA:59,38
DA:61,38
DA:62,38
DA:63,38
DA:64,38
DA:65,38
DA:66,38
DA:67,38
DA:68,38
DA:70,38
DA:71,38
DA:72,105
DA:73,105
DA:74,105
DA:75,105
DA:76,105
DA:77,105
DA:78,38
DA:79,38
DA:80,38
DA:81,38
DA:82,38
DA:83,38
DA:84,38
DA:85,38
DA:86,38
DA:87,38
DA:88,105
DA:89,105
DA:90,105
DA:91,38
DA:92,38
DA:93,38
DA:94,38
DA:96,38
LF:78
LH:78
BRDA:37,0,0,38
BRDA:39,1,0,3
BRDA:40,2,0,35
BRDA:42,3,0,3
BRDA:49,4,0,35
BRDA:38,5,0,90
BRDA:71,6,0,105
BRDA:75,7,0,35
BRDA:75,8,0,70
BRDA:87,9,0,105
BRDA:88,10,0,35
BRDA:88,11,0,70
BRF:12
BRH:12
end_of_record
TN:
SF:src/components/shared/Skeleton.jsx
FN:12,Skeleton
FN:41,QueueSkeleton
FN:75,CaseSkeleton
FN:118,QuestionnaireSkeleton
FNF:4
FNH:4
FNDA:4250,Skeleton
FNDA:92,QueueSkeleton
FNDA:64,CaseSkeleton
FNDA:19,QuestionnaireSkeleton
DA:1,1
DA:12,4250
DA:13,4250
DA:14,4250
DA:15,4250
DA:16,4250
DA:17,4250
DA:18,4250
DA:19,4250
DA:20,4250
DA:21,4250
DA:22,4250
DA:24,4250
DA:25,4250
DA:26,4250
DA:27,4250
DA:28,4250
DA:29,4250
DA:30,4250
DA:31,4250
DA:32,4250
DA:33,4250
DA:35,4250
DA:41,1
DA:42,92
DA:43,92
DA:45,92
DA:46,92
DA:47,92
DA:48,92
DA:49,92
DA:50,92
DA:53,92
DA:54,92
DA:55,457
DA:56,457
DA:57,457
DA:58,457
DA:59,457
DA:60,457
DA:61,457
DA:62,457
DA:63,457
DA:64,457
DA:65,92
DA:66,92
DA:67,92
DA:69,92
DA:75,1
DA:76,64
DA:77,64
DA:79,64
DA:80,64
DA:81,64
DA:82,64
DA:83,64
DA:84,64
DA:85,64
DA:86,64
DA:89,64
DA:90,64
DA:91,64
DA:92,64
DA:93,64
DA:94,64
DA:96,64
DA:97,64
DA:98,64
DA:99,64
DA:100,64
DA:101,64
DA:102,64
DA:103,64
DA:105,64
DA:106,64
DA:107,64
DA:108,64
DA:109,64
DA:110,64
DA:112,64
DA:118,1
DA:119,19
DA:120,19
DA:121,19
DA:122,19
DA:125,19
DA:126,19
DA:127,19
DA:128,19
DA:131,19
DA:132,19
DA:133,114
DA:134,114
DA:135,114
DA:136,114
DA:137,19
DA:138,19
DA:141,19
DA:142,19
DA:143,19
DA:144,19
DA:146,19
DA:147,19
DA:149,19
LF:104
LH:104
BRDA:12,0,0,4250
BRDA:21,1,0,2
BRDA:21,2,0,1
BRDA:21,3,0,4248
BRDA:22,4,0,2
BRDA:22,5,0,1
BRDA:22,6,0,4248
BRDA:26,7,0,2
BRDA:26,8,0,4248
BRDA:26,9,0,1444
BRDA:26,10,0,2806
BRDA:29,11,0,2469
BRDA:29,12,0,1781
BRDA:30,13,0,4249
BRDA:30,14,0,1
BRDA:41,15,0,92
BRDA:54,16,0,457
BRDA:75,17,0,64
BRDA:118,18,0,19
BRDA:132,19,0,114
BRF:20
BRH:20
end_of_record
TN:
SF:src/components/shared/Toast.jsx
FN:20,ToastProvider
FN:38,success
FN:39,error
FN:40,info
FN:45,ToastProvider.api.current.success
FN:46,ToastProvider.api.current.error
FN:47,ToastProvider.api.current.info
FN:74,onClick
FN:87,useToast
FNF:9
FNH:6
FNDA:261,ToastProvider
FNDA:0,success
FNDA:0,error
FNDA:0,info
FNDA:32,ToastProvider.api.current.success
FNDA:17,ToastProvider.api.current.error
FNDA:9,ToastProvider.api.current.info
FNDA:2,onClick
FNDA:706,useToast
DA:1,1
DA:5,1
DA:7,1
DA:20,1
DA:21,261
DA:22,261
DA:24,261
DA:25,8
DA:26,8
DA:27,8
DA:28,261
DA:30,261
DA:31,58
DA:32,58
DA:33,58
DA:34,58
DA:35,261
DA:37,261
DA:38,261
DA:39,261
DA:40,261
DA:41,261
DA:42,261
DA:45,261
DA:46,261
DA:47,261
DA:48,261
DA:50,261
DA:51,261
DA:52,261
DA:53,261
DA:54,261
DA:55,261
DA:56,66
DA:57,66
DA:58,66
DA:59,66
DA:60,66
DA:61,66
DA:62,66
DA:63,66
DA:65,66
DA:66,66
DA:67,66
DA:68,66
DA:69,66
DA:70,66
DA:71,66
DA:72,66
DA:73,66
DA:74,66
DA:75,66
DA:76,66
DA:78,66
DA:79,66
DA:80,261
DA:81,261
DA:82,261
DA:83,261
DA:85,261
DA:87,1
DA:88,706
DA:89,706
DA:90,701
DA:91,701
LF:65
LH:65
BRDA:20,0,0,261
BRDA:24,1,0,8
BRDA:27,2,0,8
BRDA:27,3,0,8
BRDA:30,4,0,58
BRDA:32,5,0,58
BRDA:33,6,0,4
BRDA:45,7,0,32
BRDA:46,8,0,17
BRDA:46,9,0,16
BRDA:47,10,0,9
BRDA:55,11,0,66
BRDA:66,12,0,37
BRDA:67,13,0,18
BRDA:68,14,0,11
BRDA:74,15,0,2
BRDA:87,16,0,706
BRDA:89,17,0,4
BRDA:89,18,0,701
BRF:19
BRH:19
end_of_record
TN:
SF:src/config/adminKey.js
FN:20,readAdminKey
FN:28,saveAdminKey
FN:37,clearAdminKey
FNF:3
FNH:3
FNDA:52,readAdminKey
FNDA:5,saveAdminKey
FNDA:6,clearAdminKey
DA:1,1
DA:2,1
DA:3,1
DA:4,1
DA:5,1
DA:6,1
DA:7,1
DA:8,1
DA:9,1
DA:10,1
DA:11,1
DA:12,1
DA:13,1
DA:14,1
DA:15,1
DA:16,1
DA:18,1
DA:20,1
DA:21,52
DA:22,52
DA:23,52
DA:24,1
DA:25,1
DA:26,52
DA:28,1
DA:29,5
DA:30,5
DA:31,5
DA:32,1
DA:33,1
DA:34,1
DA:35,5
DA:37,1
DA:38,6
DA:39,6
DA:40,6
DA:41,1
DA:42,1
DA:43,6
LF:39
LH:39
BRDA:20,0,0,52
BRDA:22,1,0,9
BRDA:23,2,0,1
BRDA:28,3,0,5
BRDA:31,4,0,1
BRDA:37,5,0,6
BRDA:40,6,0,1
BRF:7
BRH:7
end_of_record
TN:
SF:src/config/firebase.js
FN:28,getFirebaseToken
FN:34,user
FN:60,firebaseSignOut
FN:71,setupRecaptcha
FN:105,callback
FN:111,callback
FN:121,formatE164Phone
FN:135,sendFirebasePhoneOtp
FNF:8
FNH:6
FNDA:6,getFirebaseToken
FNDA:3,user
FNDA:2,firebaseSignOut
FNDA:9,setupRecaptcha
FNDA:0,callback
FNDA:0,callback
FNDA:13,formatE164Phone
FNDA:5,sendFirebasePhoneOtp
DA:1,1
DA:10,1
DA:11,1
DA:12,1
DA:13,1
DA:14,1
DA:15,1
DA:17,1
DA:18,1
DA:19,1
DA:21,1
DA:22,1
DA:24,1
DA:25,1
DA:26,1
DA:27,1
DA:28,1
DA:29,6
DA:30,6
DA:31,3
DA:32,3
DA:34,3
DA:35,3
DA:36,3
DA:37,3
DA:38,2
DA:39,2
DA:40,3
DA:41,3
DA:42,1
DA:43,1
DA:44,1
DA:45,3
DA:46,3
DA:48,6
DA:49,1
DA:50,6
DA:51,2
DA:52,2
DA:53,2
DA:54,6
DA:56,1
DA:57,1
DA:58,1
DA:59,1
DA:60,1
DA:61,2
DA:62,2
DA:63,1
DA:64,1
DA:65,1
DA:66,2
DA:68,1
DA:69,1
DA:70,1
DA:71,1
DA:72,9
DA:73,9
DA:74,1
DA:75,1
DA:76,1
DA:77,0
DA:78,0
DA:79,1
DA:81,9
DA:82,9
DA:83,9
DA:85,9
DA:86,2
DA:87,2
DA:88,2
DA:89,1
DA:90,1
DA:91,2
DA:92,2
DA:94,9
DA:95,9
DA:96,9
DA:97,9
DA:98,9
DA:99,0
DA:100,0
DA:102,9
DA:103,9
DA:104,9
DA:105,9
DA:106,9
DA:107,9
DA:108,1
DA:109,1
DA:110,1
DA:111,1
DA:112,1
DA:113,1
DA:115,9
DA:116,9
DA:118,1
DA:119,1
DA:120,1
DA:121,1
DA:122,13
DA:123,13
DA:124,10
DA:125,10
DA:126,13
DA:127,1
DA:128,1
DA:129,2
DA:130,2
DA:132,1
DA:133,1
DA:134,1
DA:135,1
DA:136,5
DA:137,5
DA:139,5
DA:140,5
DA:141,3
DA:142,3
DA:143,5
DA:144,2
DA:145,2
DA:146,2
DA:147,1
DA:148,1
DA:149,1
DA:150,1
DA:151,1
DA:152,1
DA:153,1
DA:154,1
DA:155,5
LF:132
LH:128
BRDA:11,0,0,0
BRDA:12,1,0,0
BRDA:13,2,0,0
BRDA:14,3,0,0
BRDA:18,4,0,37
BRDA:18,5,0,1
BRDA:28,6,0,6
BRDA:30,7,0,3
BRDA:46,8,0,2
BRDA:48,9,0,1
BRDA:50,10,0,2
BRDA:34,11,0,3
BRDA:37,12,0,2
BRDA:41,13,0,1
BRDA:60,14,0,2
BRDA:62,15,0,1
BRDA:71,16,0,9
BRDA:73,17,0,1
BRDA:76,18,0,0
BRDA:85,19,0,2
BRDA:88,20,0,1
BRDA:98,21,0,0
BRDA:107,22,0,1
BRDA:97,23,0,1
BRDA:121,24,0,13
BRDA:123,25,0,10
BRDA:125,26,0,3
BRDA:126,27,0,2
BRDA:126,28,0,1
BRDA:128,29,0,2
BRDA:135,30,0,5
BRDA:137,31,0,2
BRDA:137,32,0,1
BRDA:140,33,0,3
BRDA:143,34,0,2
BRDA:145,35,0,0
BRDA:146,36,0,1
BRDA:146,37,0,1
BRF:38
BRH:31
end_of_record
TN:
SF:src/context/DoctorSessionContext.jsx
FN:16,readStoredSession
FN:26,createDoctorSession
FN:34,DoctorSessionProvider
FN:60,useDoctorSession
FNF:4
FNH:4
FNDA:22,readStoredSession
FNDA:13,createDoctorSession
FNDA:27,DoctorSessionProvider
FNDA:17,useDoctorSession
DA:1,1
DA:4,1
DA:5,1
DA:16,22
DA:17,22
DA:18,22
DA:19,22
DA:20,22
DA:21,1
DA:22,1
DA:23,1
DA:24,22
DA:26,1
DA:27,13
DA:28,13
DA:29,13
DA:30,13
DA:31,13
DA:32,13
DA:34,1
DA:35,27
DA:37,27
DA:38,3
DA:39,3
DA:40,27
DA:42,27
DA:43,1
DA:44,1
DA:45,1
DA:46,27
DA:48,27
DA:49,27
DA:50,27
DA:51,27
DA:53,27
DA:54,27
DA:55,27
DA:56,27
DA:58,27
DA:60,1
DA:61,17
DA:62,17
DA:63,13
DA:64,13
LF:44
LH:44
BRDA:16,0,0,22
BRDA:19,1,0,3
BRDA:19,2,0,2
BRDA:19,3,0,19
BRDA:20,4,0,1
BRDA:26,5,0,13
BRDA:28,6,0,1
BRDA:29,7,0,7
BRDA:30,8,0,8
BRDA:34,9,0,27
BRDA:37,10,0,3
BRDA:42,11,0,1
BRDA:49,12,0,26
BRDA:60,13,0,17
BRDA:62,14,0,4
BRDA:62,15,0,13
BRF:16
BRH:16
end_of_record
TN:
SF:src/context/PatientContext.jsx
FN:8,readStoredPatient
FN:17,PatientProvider
FN:28,setPatient
FN:42,usePatient
FNF:4
FNH:4
FNDA:22,readStoredPatient
FNDA:29,PatientProvider
FNDA:4,setPatient
FNDA:19,usePatient
DA:1,1
DA:4,1
DA:6,1
DA:8,22
DA:9,22
DA:10,22
DA:11,22
DA:12,22
DA:13,1
DA:14,1
DA:15,22
DA:17,1
DA:18,29
DA:20,29
DA:21,28
DA:22,7
DA:23,21
DA:24,21
DA:25,21
DA:26,29
DA:28,29
DA:30,29
DA:31,2
DA:32,2
DA:33,29
DA:35,29
DA:36,29
DA:37,29
DA:38,29
DA:40,29
DA:42,1
DA:43,19
DA:44,19
DA:45,15
DA:46,15
LF:35
LH:35
BRDA:8,0,0,22
BRDA:11,1,0,4
BRDA:11,2,0,18
BRDA:12,3,0,1
BRDA:17,4,0,29
BRDA:20,5,0,28
BRDA:21,6,0,21
BRDA:21,7,0,7
BRDA:28,8,0,4
BRDA:30,9,0,2
BRDA:42,10,0,19
BRDA:44,11,0,4
BRDA:44,12,0,15
BRF:13
BRH:13
end_of_record
TN:
SF:src/hooks/useSessionRecovery.js
FN:23,useSessionRecovery
FNF:1
FNH:1
FNDA:10,useSessionRecovery
DA:1,1
DA:6,1
DA:7,1
DA:8,1
DA:9,1
DA:10,1
DA:11,1
DA:12,1
DA:13,1
DA:14,1
DA:15,1
DA:16,1
DA:17,1
DA:18,1
DA:19,1
DA:20,1
DA:21,1
DA:22,1
DA:23,1
DA:24,10
DA:25,10
DA:27,10
DA:28,8
DA:29,3
DA:30,3
DA:31,3
DA:32,3
DA:33,3
DA:34,3
DA:35,5
DA:36,10
DA:37,10
LF:32
LH:32
BRDA:23,0,0,10
BRDA:27,1,0,8
BRDA:28,2,0,6
BRDA:28,3,0,3
BRDA:34,4,0,5
BRF:5
BRH:5
end_of_record
TN:
SF:src/screens/AssessmentPending.jsx
FN:22,findAssessmentField
FN:53,AssessmentPending
FN:103,AssessmentPending.__vite_ssr_import_0__.jsxDEV.children.__vite_ssr_import_0__.jsxDEV.onRetry
FN:219,onClick
FNF:4
FNH:4
FNDA:467,findAssessmentField
FNDA:38,AssessmentPending
FNDA:1,AssessmentPending.__vite_ssr_import_0__.jsxDEV.children.__vite_ssr_import_0__.jsxDEV.onRetry
FNDA:1,onClick
DA:1,1
DA:14,1
DA:18,1
DA:19,1
DA:20,1
DA:22,467
DA:23,467
DA:25,467
DA:26,389
DA:27,389
DA:29,467
DA:30,359
DA:31,359
DA:32,359
DA:34,68
DA:35,68
DA:53,38
DA:54,38
DA:55,38
DA:56,38
DA:57,38
DA:59,38
DA:60,38
DA:62,38
DA:63,38
DA:65,38
DA:66,29
DA:67,5
DA:68,5
DA:69,5
DA:70,29
DA:71,29
DA:72,2
DA:73,29
DA:74,5
DA:75,5
DA:76,38
DA:78,38
DA:80,38
DA:82,38
DA:83,5
DA:84,5
DA:85,5
DA:86,5
DA:88,5
DA:90,38
DA:94,6
DA:95,6
DA:96,6
DA:97,6
DA:98,6
DA:99,2
DA:100,4
DA:101,6
DA:102,2
DA:103,4
DA:104,6
DA:105,6
DA:106,6
DA:108,6
DA:110,27
DA:111,27
DA:112,27
DA:113,27
DA:114,27
DA:115,27
DA:116,27
DA:117,27
DA:118,27
DA:119,27
DA:120,27
DA:121,27
DA:122,27
DA:123,27
DA:124,27
DA:126,38
DA:128,38
DA:129,38
DA:130,38
DA:131,38
DA:132,38
DA:133,38
DA:135,38
DA:137,38
DA:139,38
DA:140,0
DA:141,0
DA:143,0
DA:148,38
DA:149,38
DA:150,38
DA:151,38
DA:152,38
DA:153,38
DA:154,38
DA:155,38
DA:156,38
DA:157,38
DA:158,38
DA:159,38
DA:164,38
DA:165,38
DA:166,38
DA:167,38
DA:168,38
DA:169,38
DA:170,38
DA:173,38
DA:174,38
DA:175,38
DA:176,38
DA:177,23
DA:178,23
DA:179,23
DA:180,23
DA:181,23
DA:182,23
DA:183,23
DA:184,23
DA:185,0
DA:186,23
DA:187,23
DA:188,23
DA:189,23
DA:191,38
DA:192,38
DA:194,38
DA:195,10
DA:196,10
DA:197,10
DA:198,10
DA:201,38
DA:203,38
DA:204,11
DA:205,11
DA:206,11
DA:207,11
DA:210,38
DA:213,38
DA:215,38
DA:216,38
DA:217,38
DA:218,38
DA:219,38
DA:220,38
DA:222,38
DA:223,38
DA:224,38
DA:225,38
DA:226,38
DA:228,38
LF:151
LH:147
BRDA:19,0,0,0
BRDA:22,1,0,467
BRDA:23,2,0,136
BRDA:23,3,0,331
BRDA:23,4,0,136
BRDA:25,5,0,389
BRDA:26,6,0,61
BRDA:27,7,0,75
BRDA:29,8,0,359
BRDA:31,9,0,7
BRDA:32,10,0,68
BRDA:53,11,0,38
BRDA:59,12,0,24
BRDA:62,13,0,14
BRDA:80,14,0,14
BRDA:82,15,0,5
BRDA:88,16,0,33
BRDA:90,17,0,6
BRDA:97,18,0,2
BRDA:97,19,0,4
BRDA:98,20,0,2
BRDA:99,21,0,4
BRDA:101,22,0,2
BRDA:102,23,0,4
BRDA:104,24,0,2
BRDA:104,25,0,4
BRDA:108,26,0,27
BRDA:126,27,0,17
BRDA:139,28,0,23
BRDA:139,29,0,0
BRDA:176,30,0,23
BRDA:184,31,0,0
BRDA:194,32,0,10
BRDA:203,33,0,11
BRDA:65,34,0,29
BRDA:66,35,0,5
BRDA:66,36,0,24
BRDA:66,37,0,5
BRDA:70,38,0,3
BRDA:71,39,0,2
BRDA:72,40,0,1
BRDA:73,41,0,5
BRDA:78,42,0,28
BRDA:103,43,0,1
BRDA:103,44,0,0
BRDA:219,45,0,1
BRF:46
BRH:42
end_of_record
TN:
SF:src/screens/PastAssessmentDetail.jsx
FN:13,DetailSkeleton
FN:27,PastAssessmentDetail
FNF:2
FNH:2
FNDA:16,DetailSkeleton
FNDA:33,PastAssessmentDetail
DA:1,1
DA:13,16
DA:14,16
DA:15,16
DA:16,16
DA:17,16
DA:18,16
DA:19,16
DA:20,16
DA:21,16
DA:22,16
DA:23,16
DA:25,16
DA:27,33
DA:28,33
DA:29,33
DA:30,33
DA:31,33
DA:32,33
DA:33,33
DA:35,33
DA:36,17
DA:37,17
DA:38,17
DA:39,17
DA:40,17
DA:41,5
DA:42,17
DA:43,16
DA:44,16
DA:45,33
DA:47,33
DA:49,33
DA:50,1
DA:51,1
DA:53,33
DA:55,33
DA:56,33
DA:57,33
DA:58,33
DA:59,33
DA:61,33
DA:62,3
DA:63,3
DA:64,3
DA:65,1
DA:66,2
DA:67,3
DA:68,3
DA:71,33
DA:72,11
DA:73,11
DA:74,11
DA:75,11
DA:76,11
DA:77,11
DA:78,11
DA:79,11
DA:81,11
DA:82,11
DA:83,11
DA:84,11
DA:85,11
DA:86,11
DA:87,11
DA:88,11
DA:89,11
DA:90,11
DA:92,11
DA:93,10
DA:94,10
DA:95,10
DA:96,10
DA:99,11
DA:100,11
DA:101,11
DA:102,10
DA:103,10
DA:104,10
DA:105,10
DA:106,10
DA:107,10
DA:108,10
DA:109,9
DA:110,9
DA:111,9
DA:112,9
DA:114,10
DA:115,9
DA:116,9
DA:117,9
DA:118,9
DA:120,10
DA:121,10
DA:122,9
DA:124,10
DA:126,1
DA:128,1
DA:130,11
DA:131,11
DA:133,33
DA:134,33
DA:135,33
DA:137,33
LF:104
LH:104
BRDA:13,0,0,16
BRDA:27,1,0,33
BRDA:49,2,0,1
BRDA:51,3,0,32
BRDA:53,4,0,11
BRDA:59,5,0,16
BRDA:61,6,0,16
BRDA:61,7,0,3
BRDA:63,8,0,1
BRDA:63,9,0,2
BRDA:64,10,0,1
BRDA:65,11,0,2
BRDA:71,12,0,16
BRDA:71,13,0,13
BRDA:71,14,0,11
BRDA:83,15,0,1
BRDA:87,16,0,1
BRDA:92,17,0,10
BRDA:101,18,0,10
BRDA:108,19,0,9
BRDA:114,20,0,9
BRDA:121,21,0,9
BRDA:124,22,0,1
BRDA:35,23,0,17
BRDA:39,24,0,11
BRDA:40,25,0,5
BRDA:41,26,0,4
BRDA:42,27,0,16
BRDA:47,28,0,16
BRF:29
BRH:29
end_of_record
TN:
SF:src/screens/PastAssessments.jsx
FN:13,relativeTime
FN:26,assessmentItems
FN:34,ListSkeleton
FN:50,PastAssessments
FN:103,onClick
FN:118,onClick
FNF:6
FNH:6
FNDA:31,relativeTime
FNDA:18,assessmentItems
FNDA:21,ListSkeleton
FNDA:59,PastAssessments
FNDA:1,onClick
FNDA:1,onClick
DA:1,1
DA:13,31
DA:14,31
DA:15,31
DA:16,29
DA:17,31
DA:18,31
DA:19,31
DA:20,31
DA:21,2
DA:22,2
DA:26,18
DA:27,18
DA:28,18
DA:29,12
DA:30,12
DA:31,2
DA:32,2
DA:34,21
DA:35,21
DA:36,21
DA:37,21
DA:38,63
DA:39,63
DA:40,63
DA:41,63
DA:42,63
DA:43,63
DA:44,63
DA:45,21
DA:46,21
DA:48,21
DA:50,59
DA:51,59
DA:52,59
DA:53,59
DA:54,59
DA:55,59
DA:56,59
DA:58,59
DA:59,22
DA:60,21
DA:61,21
DA:62,21
DA:63,21
DA:64,18
DA:65,22
DA:66,2
DA:67,22
DA:68,20
DA:69,20
DA:70,59
DA:72,59
DA:77,59
DA:78,1
DA:79,1
DA:81,58
DA:82,58
DA:83,58
DA:84,58
DA:85,58
DA:86,58
DA:87,58
DA:89,59
DA:91,59
DA:92,2
DA:93,2
DA:94,2
DA:95,2
DA:96,2
DA:99,59
DA:100,8
DA:101,8
DA:102,8
DA:103,8
DA:105,8
DA:106,8
DA:109,59
DA:110,27
DA:111,27
DA:112,31
DA:113,31
DA:114,31
DA:115,31
DA:116,31
DA:117,31
DA:118,31
DA:120,31
DA:121,31
DA:122,31
DA:123,31
DA:124,31
DA:125,31
DA:126,31
DA:127,31
DA:128,31
DA:130,27
DA:131,27
DA:133,59
DA:134,59
DA:135,59
DA:137,59
LF:102
LH:102
BRDA:13,0,0,31
BRDA:15,1,0,2
BRDA:15,2,0,29
BRDA:17,3,0,11
BRDA:17,4,0,18
BRDA:18,5,0,12
BRDA:18,6,0,6
BRDA:19,7,0,2
BRDA:19,8,0,4
BRDA:20,9,0,2
BRDA:26,10,0,18
BRDA:27,11,0,13
BRDA:27,12,0,5
BRDA:28,13,0,12
BRDA:29,14,0,9
BRDA:29,15,0,3
BRDA:30,16,0,2
BRDA:34,17,0,21
BRDA:37,18,0,63
BRDA:50,19,0,59
BRDA:77,20,0,1
BRDA:79,21,0,58
BRDA:89,22,0,21
BRDA:91,23,0,37
BRDA:91,24,0,2
BRDA:99,25,0,37
BRDA:99,26,0,35
BRDA:99,27,0,8
BRDA:109,28,0,37
BRDA:109,29,0,35
BRDA:109,30,0,27
BRDA:58,31,0,22
BRDA:59,32,0,1
BRDA:59,33,0,21
BRDA:63,34,0,18
BRDA:65,35,0,2
BRDA:66,36,0,1
BRDA:67,37,0,20
BRDA:72,38,0,21
BRDA:103,39,0,1
BRDA:111,40,0,31
BRDA:122,41,0,2
BRDA:122,42,0,29
BRDA:124,43,0,2
BRDA:124,44,0,29
BRDA:118,45,0,1
BRF:46
BRH:46
end_of_record
TN:
SF:src/screens/PatientProfile.jsx
FN:21,PatientProfile
FN:47,handleSubmit
FN:91,onChange
FN:103,onChange
FN:111,onChange
FNF:5
FNH:3
FNDA:73,PatientProfile
FNDA:7,handleSubmit
FNDA:18,onChange
FNDA:0,onChange
FNDA:0,onChange
DA:1,1
DA:14,1
DA:15,1
DA:16,1
DA:17,1
DA:18,1
DA:19,1
DA:21,73
DA:22,73
DA:23,73
DA:24,73
DA:26,73
DA:27,73
DA:28,73
DA:29,73
DA:30,73
DA:31,73
DA:32,73
DA:34,73
DA:35,17
DA:36,17
DA:37,17
DA:38,17
DA:39,17
DA:40,17
DA:41,73
DA:43,73
DA:44,1
DA:45,1
DA:47,72
DA:48,7
DA:49,7
DA:50,7
DA:51,7
DA:52,7
DA:53,7
DA:54,7
DA:55,7
DA:56,7
DA:57,7
DA:58,7
DA:59,4
DA:60,4
DA:61,7
DA:62,3
DA:63,2
DA:64,2
DA:65,2
DA:66,7
DA:67,7
DA:68,7
DA:69,7
DA:71,72
DA:72,72
DA:73,72
DA:74,72
DA:75,72
DA:76,72
DA:77,72
DA:79,72
DA:80,72
DA:81,72
DA:82,73
DA:83,73
DA:84,73
DA:85,73
DA:86,73
DA:87,73
DA:88,73
DA:89,73
DA:90,73
DA:91,73
DA:92,73
DA:93,73
DA:94,73
DA:95,73
DA:96,73
DA:97,73
DA:98,73
DA:99,73
DA:100,73
DA:101,73
DA:102,73
DA:103,73
DA:104,73
DA:105,73
DA:106,73
DA:107,73
DA:108,73
DA:109,73
DA:110,73
DA:111,73
DA:112,73
DA:114,73
DA:115,73
DA:116,73
DA:117,73
DA:118,163
DA:119,163
DA:120,163
DA:121,73
DA:122,73
DA:123,73
DA:124,73
DA:125,73
DA:126,73
DA:127,73
DA:128,73
DA:129,73
DA:130,73
DA:131,73
DA:132,73
DA:134,73
LF:113
LH:113
BRDA:21,0,0,73
BRDA:26,1,0,72
BRDA:26,2,0,3
BRDA:27,3,0,72
BRDA:27,4,0,65
BRDA:27,5,0,8
BRDA:28,6,0,72
BRDA:28,7,0,8
BRDA:43,8,0,1
BRDA:45,9,0,72
BRDA:82,10,0,0
BRDA:115,11,0,24
BRDA:115,12,0,48
BRDA:125,13,0,2
BRDA:126,14,0,62
BRDA:127,15,0,7
BRDA:127,16,0,65
BRDA:34,17,0,17
BRDA:37,18,0,16
BRDA:37,19,0,15
BRDA:38,20,0,1
BRDA:39,21,0,17
BRDA:39,22,0,16
BRDA:40,23,0,17
BRDA:47,24,0,7
BRDA:49,25,0,0
BRDA:56,26,0,6
BRDA:56,27,0,1
BRDA:57,28,0,1
BRDA:58,29,0,4
BRDA:61,30,0,3
BRDA:62,31,0,2
BRDA:91,32,0,18
BRDA:117,33,0,163
BRDA:118,34,0,0
BRF:35
BRH:32
end_of_record
TN:
SF:src/screens/PhoneEntry.jsx
FN:14,PhoneEntry
FN:41,loadSexOptions
FN:71,sendOtpCode
FN:90,handlePhoneSubmit
FN:96,handleVerifyOtp
FN:127,handleDetailsSubmit
FN:153,onRetry
FN:209,onChange
FN:225,onClick
FN:255,onChange
FN:267,onChange
FN:275,onChange
FN:295,onChange
FN:302,onClick
FN:316,onClose
FN:317,onAgree
FNF:16
FNH:16
FNDA:404,PhoneEntry
FNDA:29,loadSexOptions
FNDA:21,sendOtpCode
FNDA:21,handlePhoneSubmit
FNDA:15,handleVerifyOtp
FNDA:3,handleDetailsSubmit
FNDA:1,onRetry
FNDA:235,onChange
FNDA:1,onClick
FNDA:27,onChange
FNDA:2,onChange
FNDA:1,onChange
FNDA:5,onChange
FNDA:1,onClick
FNDA:1,onClose
FNDA:1,onAgree
DA:1,1
DA:14,404
DA:15,404
DA:16,404
DA:19,404
DA:20,404
DA:22,404
DA:23,404
DA:24,404
DA:25,404
DA:26,404
DA:27,404
DA:28,404
DA:29,404
DA:30,404
DA:31,404
DA:32,404
DA:33,404
DA:34,404
DA:36,404
DA:38,404
DA:39,29
DA:41,29
DA:42,29
DA:43,29
DA:44,28
DA:45,29
DA:46,1
DA:50,1
DA:51,29
DA:52,29
DA:53,29
DA:54,29
DA:56,29
DA:57,29
DA:58,29
DA:59,29
DA:60,404
DA:62,404
DA:64,29
DA:65,29
DA:66,29
DA:68,1
DA:69,404
DA:71,404
DA:72,21
DA:73,21
DA:74,21
DA:75,21
DA:77,21
DA:78,21
DA:79,19
DA:80,19
DA:81,21
DA:82,2
DA:83,2
DA:84,2
DA:85,21
DA:86,21
DA:87,21
DA:88,21
DA:90,404
DA:91,21
DA:92,21
DA:93,21
DA:94,21
DA:96,404
DA:97,15
DA:98,15
DA:99,15
DA:101,15
DA:102,1
DA:103,1
DA:104,14
DA:109,12
DA:110,12
DA:111,1
DA:112,1
DA:113,15
DA:114,11
DA:115,9
DA:116,11
DA:117,2
DA:118,2
DA:119,11
DA:120,15
DA:121,3
DA:122,15
DA:123,15
DA:124,15
DA:125,15
DA:127,404
DA:128,3
DA:129,3
DA:130,3
DA:131,3
DA:132,3
DA:133,3
DA:134,3
DA:135,3
DA:136,3
DA:137,3
DA:138,3
DA:139,3
DA:140,3
DA:141,2
DA:142,2
DA:143,3
DA:144,1
DA:145,3
DA:146,3
DA:147,3
DA:148,3
DA:150,404
DA:151,3
DA:152,3
DA:153,3
DA:154,3
DA:156,3
DA:158,400
DA:159,400
DA:160,400
DA:161,400
DA:162,400
DA:168,400
DA:169,400
DA:170,400
DA:171,400
DA:172,400
DA:173,400
DA:174,400
DA:176,400
DA:177,400
DA:178,400
DA:179,400
DA:180,400
DA:181,400
DA:182,400
DA:183,400
DA:184,400
DA:185,400
DA:186,400
DA:187,400
DA:188,400
DA:189,400
DA:190,400
DA:192,404
DA:193,1
DA:195,1
DA:198,404
DA:199,311
DA:200,311
DA:201,311
DA:202,311
DA:203,311
DA:204,311
DA:205,311
DA:206,311
DA:207,311
DA:208,311
DA:209,311
DA:210,311
DA:211,311
DA:212,311
DA:213,311
DA:214,311
DA:215,311
DA:216,311
DA:217,311
DA:220,404
DA:221,38
DA:222,38
DA:223,38
DA:224,38
DA:225,38
DA:227,38
DA:228,38
DA:229,38
DA:230,38
DA:231,38
DA:232,38
DA:234,38
DA:235,38
DA:236,38
DA:237,38
DA:238,38
DA:239,38
DA:241,38
DA:242,38
DA:245,404
DA:246,51
DA:247,51
DA:248,51
DA:249,51
DA:250,51
DA:251,51
DA:252,51
DA:253,51
DA:254,51
DA:255,51
DA:256,51
DA:257,51
DA:258,51
DA:259,51
DA:260,51
DA:261,51
DA:262,51
DA:263,51
DA:264,51
DA:265,51
DA:266,51
DA:267,51
DA:268,51
DA:269,51
DA:270,51
DA:271,51
DA:272,51
DA:273,51
DA:274,51
DA:275,51
DA:276,51
DA:278,51
DA:279,51
DA:280,51
DA:281,51
DA:282,104
DA:283,104
DA:284,104
DA:285,51
DA:286,51
DA:287,51
DA:288,51
DA:289,51
DA:290,51
DA:291,51
DA:292,51
DA:293,51
DA:294,51
DA:295,51
DA:296,51
DA:297,51
DA:298,51
DA:299,51
DA:300,51
DA:301,51
DA:302,51
DA:303,51
DA:305,51
DA:306,51
DA:307,51
DA:308,51
DA:309,51
DA:310,51
DA:311,51
DA:312,51
DA:314,404
DA:315,404
DA:316,404
DA:317,404
DA:318,404
DA:319,404
DA:320,404
DA:321,404
DA:323,404
LF:264
LH:264
BRDA:14,0,0,404
BRDA:19,1,0,1
BRDA:150,2,0,3
BRDA:156,3,0,400
BRDA:192,4,0,311
BRDA:192,5,0,1
BRDA:198,6,0,311
BRDA:210,7,0,258
BRDA:214,8,0,48
BRDA:215,9,0,21
BRDA:215,10,0,290
BRDA:220,11,0,38
BRDA:241,12,0,3
BRDA:245,13,0,51
BRDA:279,14,0,0
BRDA:309,15,0,34
BRDA:309,16,0,9
BRDA:310,17,0,3
BRDA:310,18,0,48
BRDA:38,19,0,29
BRDA:41,20,0,29
BRDA:43,21,0,28
BRDA:45,22,0,1
BRDA:57,23,0,29
BRDA:62,24,0,29
BRDA:66,25,0,1
BRDA:71,26,0,21
BRDA:78,27,0,19
BRDA:81,28,0,2
BRDA:83,29,0,0
BRDA:90,30,0,21
BRDA:92,31,0,0
BRDA:96,32,0,15
BRDA:101,33,0,1
BRDA:103,34,0,14
BRDA:104,35,0,12
BRDA:110,36,0,1
BRDA:113,37,0,11
BRDA:114,38,0,9
BRDA:116,39,0,2
BRDA:120,40,0,3
BRDA:121,41,0,1
BRDA:127,42,0,3
BRDA:129,43,0,0
BRDA:136,44,0,1
BRDA:136,45,0,2
BRDA:137,46,0,2
BRDA:140,47,0,2
BRDA:143,48,0,1
BRDA:153,49,0,1
BRDA:209,50,0,235
BRDA:225,51,0,1
BRDA:255,52,0,27
BRDA:267,53,0,2
BRDA:275,54,0,1
BRDA:281,55,0,104
BRDA:282,56,0,0
BRDA:295,57,0,5
BRDA:302,58,0,1
BRDA:316,59,0,1
BRDA:317,60,0,1
BRF:61
BRH:56
end_of_record
TN:
SF:src/screens/PhotoUpload.jsx
FN:31,AssessmentLoadingScreen
FN:73,PhotoUpload
FN:162,loadUploadedImages
FN:216,handleFilesSelected
FN:255,openCamera
FN:275,switchCamera
FN:287,closeCamera
FN:292,capturePhoto
FN:311,handleRetry
FN:321,handleRemove
FN:346,continueLabel
FN:352,requirementText
FN:359,handleContinue
FN:381,onRetry
FN:438,onClick
FN:483,onClick
FN:541,onClick
FN:576,onClick
FNF:18
FNH:17
FNDA:5,AssessmentLoadingScreen
FNDA:159,PhotoUpload
FNDA:38,loadUploadedImages
FNDA:18,handleFilesSelected
FNDA:11,openCamera
FNDA:1,switchCamera
FNDA:2,closeCamera
FNDA:3,capturePhoto
FNDA:1,handleRetry
FNDA:2,handleRemove
FNDA:153,continueLabel
FNDA:283,requirementText
FNDA:4,handleContinue
FNDA:1,onRetry
FNDA:10,onClick
FNDA:1,onClick
FNDA:0,onClick
FNDA:1,onClick
DA:1,1
DA:14,1
DA:15,1
DA:16,1
DA:17,1
DA:18,1
DA:19,1
DA:20,1
DA:21,1
DA:23,1
DA:24,1
DA:25,1
DA:26,1
DA:27,1
DA:28,1
DA:29,1
DA:31,5
DA:32,5
DA:34,5
DA:35,4
DA:36,1
DA:37,4
DA:39,4
DA:40,5
DA:42,5
DA:43,5
DA:44,5
DA:45,5
DA:46,5
DA:47,5
DA:48,5
DA:49,5
DA:50,5
DA:51,5
DA:52,5
DA:53,5
DA:54,5
DA:55,5
DA:56,5
DA:57,5
DA:58,5
DA:59,5
DA:61,5
DA:62,5
DA:63,5
DA:64,5
DA:65,5
DA:67,5
DA:68,5
DA:69,5
DA:71,5
DA:73,159
DA:74,159
DA:75,159
DA:76,159
DA:77,159
DA:78,159
DA:79,159
DA:80,159
DA:81,159
DA:82,159
DA:83,159
DA:85,159
DA:86,159
DA:87,159
DA:88,159
DA:89,159
DA:90,159
DA:91,159
DA:92,159
DA:93,159
DA:95,159
DA:96,22
DA:97,22
DA:98,22
DA:99,22
DA:101,22
DA:102,22
DA:103,0
DA:104,0
DA:105,0
DA:106,22
DA:107,22
DA:108,16
DA:109,16
DA:110,16
DA:111,16
DA:112,16
DA:113,16
DA:114,22
DA:115,22
DA:116,6
DA:117,6
DA:118,6
DA:119,7
DA:120,6
DA:121,1
DA:122,6
DA:123,6
DA:124,6
DA:125,6
DA:126,22
DA:127,22
DA:128,22
DA:129,22
DA:130,22
DA:131,159
DA:133,159
DA:134,44
DA:135,22
DA:136,22
DA:137,22
DA:138,159
DA:142,159
DA:144,159
DA:145,22
DA:146,22
DA:147,159
DA:149,159
DA:153,38
DA:154,38
DA:155,38
DA:156,38
DA:157,159
DA:159,159
DA:160,38
DA:162,38
DA:163,38
DA:164,38
DA:167,38
DA:168,38
DA:169,38
DA:170,5
DA:171,5
DA:172,5
DA:173,5
DA:174,5
DA:175,5
DA:176,5
DA:177,5
DA:178,38
DA:180,38
DA:181,37
DA:182,37
DA:183,38
DA:186,1
DA:187,38
DA:189,38
DA:190,38
DA:191,38
DA:192,38
DA:193,159
DA:198,159
DA:199,19
DA:201,19
DA:202,21
DA:203,21
DA:204,21
DA:205,21
DA:206,21
DA:207,21
DA:208,21
DA:209,21
DA:210,19
DA:212,19
DA:213,19
DA:214,159
DA:216,159
DA:217,18
DA:218,18
DA:221,18
DA:222,18
DA:224,159
DA:225,48
DA:227,8
DA:228,8
DA:229,8
DA:231,8
DA:232,8
DA:233,8
DA:234,159
DA:238,159
DA:239,48
DA:241,8
DA:242,8
DA:243,8
DA:244,8
DA:245,8
DA:246,8
DA:247,8
DA:248,8
DA:249,8
DA:252,8
DA:253,159
DA:255,159
DA:256,11
DA:257,11
DA:258,11
DA:259,1
DA:260,1
DA:261,1
DA:263,10
DA:264,10
DA:265,10
DA:266,10
DA:267,10
DA:268,9
DA:269,9
DA:270,11
DA:271,1
DA:272,1
DA:273,11
DA:275,159
DA:276,1
DA:277,1
DA:278,1
DA:279,1
DA:280,1
DA:281,1
DA:282,1
DA:283,1
DA:284,1
DA:285,1
DA:287,159
DA:288,2
DA:289,2
DA:290,2
DA:292,159
DA:293,3
DA:294,3
DA:296,2
DA:297,2
DA:298,2
DA:299,2
DA:300,2
DA:301,2
DA:302,2
DA:303,0
DA:304,0
DA:305,1
DA:306,1
DA:307,1
DA:308,2
DA:309,3
DA:311,159
DA:312,1
DA:313,1
DA:314,1
DA:315,1
DA:316,1
DA:317,1
DA:318,1
DA:319,1
DA:321,159
DA:322,2
DA:323,2
DA:324,2
DA:325,2
DA:326,2
DA:327,2
DA:328,2
DA:330,159
DA:331,159
DA:332,159
DA:333,159
DA:334,159
DA:338,159
DA:339,632
DA:340,632
DA:341,632
DA:342,632
DA:343,159
DA:344,159
DA:346,159
DA:347,153
DA:348,153
DA:349,153
DA:350,153
DA:352,159
DA:353,283
DA:354,283
DA:355,283
DA:356,23
DA:357,283
DA:359,159
DA:360,4
DA:361,4
DA:362,4
DA:363,4
DA:364,1
DA:365,4
DA:366,2
DA:367,1
DA:368,1
DA:369,1
DA:370,4
DA:371,3
DA:372,3
DA:373,4
DA:375,159
DA:376,1
DA:377,1
DA:378,1
DA:379,1
DA:380,1
DA:381,1
DA:382,1
DA:383,1
DA:385,1
DA:387,159
DA:388,4
DA:389,4
DA:391,153
DA:392,153
DA:393,153
DA:394,153
DA:395,153
DA:396,153
DA:398,153
DA:400,153
DA:401,153
DA:402,153
DA:403,153
DA:404,153
DA:405,153
DA:406,153
DA:407,153
DA:408,153
DA:410,153
DA:411,153
DA:412,153
DA:413,153
DA:414,153
DA:415,153
DA:416,153
DA:417,153
DA:423,153
DA:424,133
DA:425,133
DA:426,133
DA:427,133
DA:428,133
DA:430,133
DA:431,133
DA:432,532
DA:433,532
DA:434,532
DA:435,532
DA:436,532
DA:437,532
DA:438,532
DA:440,532
DA:441,532
DA:442,2
DA:443,2
DA:444,2
DA:445,2
DA:446,2
DA:447,2
DA:449,530
DA:451,532
DA:452,532
DA:453,532
DA:454,532
DA:455,532
DA:456,532
DA:457,532
DA:459,133
DA:460,133
DA:462,133
DA:463,133
DA:464,133
DA:465,133
DA:466,133
DA:469,159
DA:470,20
DA:471,20
DA:472,20
DA:473,20
DA:475,20
DA:476,20
DA:477,80
DA:478,80
DA:479,80
DA:480,80
DA:481,80
DA:482,80
DA:483,80
DA:485,80
DA:486,80
DA:487,20
DA:488,20
DA:490,20
DA:491,20
DA:492,20
DA:493,20
DA:494,20
DA:495,20
DA:496,20
DA:497,20
DA:498,20
DA:499,20
DA:500,20
DA:501,20
DA:502,20
DA:504,20
DA:505,11
DA:506,11
DA:507,11
DA:508,11
DA:509,11
DA:510,11
DA:511,11
DA:513,11
DA:514,11
DA:516,20
DA:518,20
DA:519,20
DA:520,20
DA:521,20
DA:522,20
DA:525,159
DA:526,80
DA:527,80
DA:528,80
DA:529,80
DA:530,80
DA:531,80
DA:532,80
DA:533,80
DA:534,80
DA:535,80
DA:536,80
DA:539,159
DA:540,1
DA:541,1
DA:542,1
DA:545,159
DA:546,53
DA:547,53
DA:548,63
DA:549,63
DA:550,63
DA:551,63
DA:552,63
DA:553,63
DA:554,53
DA:555,53
DA:558,159
DA:559,159
DA:560,159
DA:561,159
DA:562,159
DA:563,159
DA:565,159
DA:566,159
DA:569,159
DA:570,130
DA:573,159
DA:574,159
DA:575,159
DA:576,159
DA:577,159
DA:578,159
DA:580,159
DA:581,159
DA:582,159
DA:583,159
DA:584,159
DA:586,159
LF:470
LH:465
BRDA:31,0,0,5
BRDA:34,1,0,4
BRDA:35,2,0,1
BRDA:36,3,0,1
BRDA:39,4,0,4
BRDA:73,5,0,159
BRDA:334,6,0,34
BRDA:334,7,0,29
BRDA:375,8,0,1
BRDA:385,9,0,157
BRDA:387,10,0,4
BRDA:389,11,0,153
BRDA:423,12,0,133
BRDA:469,13,0,20
BRDA:504,14,0,11
BRDA:513,15,0,2
BRDA:513,16,0,9
BRDA:525,17,0,133
BRDA:525,18,0,80
BRDA:539,19,0,1
BRDA:545,20,0,53
BRDA:562,21,0,23
BRDA:569,22,0,130
BRDA:95,23,0,22
BRDA:97,24,0,22
BRDA:98,25,0,27
BRDA:98,26,0,22
BRDA:98,27,0,5
BRDA:107,28,0,16
BRDA:109,29,0,16
BRDA:110,30,0,20
BRDA:110,31,0,16
BRDA:110,32,0,4
BRDA:115,33,0,6
BRDA:117,34,0,6
BRDA:118,35,0,7
BRDA:119,36,0,6
BRDA:120,37,0,1
BRDA:120,38,0,1
BRDA:127,39,0,22
BRDA:133,40,0,44
BRDA:134,41,0,42
BRDA:134,42,0,22
BRDA:144,43,0,22
BRDA:149,44,0,38
BRDA:154,45,0,38
BRDA:159,46,0,38
BRDA:162,47,0,38
BRDA:164,48,0,37
BRDA:167,49,0,32
BRDA:167,50,0,31
BRDA:168,51,0,36
BRDA:168,52,0,1
BRDA:180,53,0,37
BRDA:183,54,0,1
BRDA:169,55,0,5
BRDA:171,56,0,4
BRDA:171,57,0,1
BRDA:181,58,0,37
BRDA:190,59,0,38
BRDA:198,60,0,19
BRDA:199,61,0,0
BRDA:201,62,0,21
BRDA:212,63,0,19
BRDA:216,64,0,18
BRDA:217,65,0,0
BRDA:224,66,0,48
BRDA:225,67,0,8
BRDA:225,68,0,40
BRDA:225,69,0,8
BRDA:231,70,0,8
BRDA:232,71,0,8
BRDA:238,72,0,48
BRDA:239,73,0,8
BRDA:239,74,0,40
BRDA:239,75,0,8
BRDA:243,76,0,8
BRDA:244,77,0,15
BRDA:255,78,0,11
BRDA:257,79,0,10
BRDA:258,80,0,10
BRDA:258,81,0,1
BRDA:261,82,0,10
BRDA:267,83,0,9
BRDA:270,84,0,1
BRDA:275,85,0,1
BRDA:276,86,0,0
BRDA:277,87,0,0
BRDA:287,88,0,2
BRDA:292,89,0,3
BRDA:294,90,0,2
BRDA:294,91,0,1
BRDA:294,92,0,2
BRDA:300,93,0,2
BRDA:301,94,0,1
BRDA:302,95,0,0
BRDA:304,96,0,1
BRDA:311,97,0,1
BRDA:312,98,0,1
BRDA:314,99,0,1
BRDA:315,100,0,1
BRDA:315,101,0,0
BRDA:321,102,0,2
BRDA:323,103,0,2
BRDA:324,104,0,3
BRDA:326,105,0,3
BRDA:331,106,0,68
BRDA:332,107,0,66
BRDA:332,108,0,44
BRDA:333,109,0,68
BRDA:338,110,0,632
BRDA:341,111,0,630
BRDA:340,112,0,272
BRDA:340,113,0,2
BRDA:344,114,0,632
BRDA:346,115,0,153
BRDA:347,116,0,0
BRDA:348,117,0,124
BRDA:348,118,0,29
BRDA:349,119,0,27
BRDA:349,120,0,2
BRDA:352,121,0,283
BRDA:353,122,0,48
BRDA:353,123,0,235
BRDA:354,124,0,12
BRDA:354,125,0,223
BRDA:355,126,0,200
BRDA:355,127,0,23
BRDA:359,128,0,4
BRDA:363,129,0,1
BRDA:365,130,0,2
BRDA:366,131,0,1
BRDA:370,132,0,3
BRDA:381,133,0,1
BRDA:431,134,0,532
BRDA:437,135,0,2
BRDA:437,136,0,530
BRDA:441,137,0,2
BRDA:447,138,0,530
BRDA:454,139,0,2
BRDA:454,140,0,530
BRDA:438,141,0,10
BRDA:476,142,0,80
BRDA:482,143,0,20
BRDA:482,144,0,60
BRDA:483,145,0,1
BRDA:500,146,0,28
BRDA:547,147,0,63
BRDA:576,148,0,1
BRF:149
BRH:142
end_of_record
TN:
SF:src/screens/QuestionnaireForm.jsx
FN:36,QuestionnaireForm
FN:95,answer
FN:102,handleSubmit
FN:149,onRetry
FN:172,onChange
FN:197,onChange
FN:218,onChange
FN:229,onChange
FN:239,onClick
FNF:9
FNH:9
FNDA:146,QuestionnaireForm
FNDA:55,answer
FNDA:7,handleSubmit
FNDA:4,onRetry
FNDA:8,onChange
FNDA:29,onChange
FNDA:26,onChange
FNDA:15,onChange
FNDA:1,onClick
DA:1,1
DA:13,1
DA:14,1
DA:15,1
DA:16,1
DA:17,1
DA:18,1
DA:19,1
DA:20,1
DA:22,1
DA:23,1
DA:24,1
DA:25,1
DA:26,1
DA:28,1
DA:29,1
DA:30,1
DA:31,1
DA:32,1
DA:34,1
DA:36,146
DA:37,146
DA:38,146
DA:39,146
DA:40,146
DA:42,146
DA:46,146
DA:47,146
DA:48,146
DA:49,146
DA:50,146
DA:51,146
DA:52,146
DA:53,146
DA:54,146
DA:56,146
DA:57,27
DA:59,10
DA:60,10
DA:61,10
DA:62,10
DA:64,10
DA:65,10
DA:66,7
DA:67,7
DA:68,7
DA:69,7
DA:70,42
DA:71,42
DA:72,7
DA:73,7
DA:74,7
DA:75,10
DA:76,10
DA:77,2
DA:78,2
DA:79,2
DA:80,2
DA:81,10
DA:82,10
DA:83,9
DA:84,10
DA:86,10
DA:87,10
DA:88,10
DA:89,146
DA:91,146
DA:92,1
DA:93,1
DA:95,144
DA:96,55
DA:97,55
DA:99,144
DA:100,146
DA:102,146
DA:103,7
DA:104,7
DA:105,7
DA:106,7
DA:107,7
DA:108,7
DA:111,7
DA:112,7
DA:113,7
DA:114,7
DA:115,7
DA:116,7
DA:117,1
DA:118,6
DA:119,7
DA:120,7
DA:121,2
DA:122,2
DA:123,7
DA:124,7
DA:125,7
DA:126,7
DA:128,146
DA:129,18
DA:130,18
DA:131,18
DA:132,18
DA:134,18
DA:136,146
DA:137,7
DA:138,7
DA:139,7
DA:140,7
DA:141,7
DA:142,7
DA:143,7
DA:144,2
DA:145,5
DA:146,1
DA:147,4
DA:148,7
DA:149,7
DA:150,1
DA:151,3
DA:152,1
DA:153,2
DA:154,7
DA:155,7
DA:157,7
DA:159,119
DA:160,119
DA:161,119
DA:162,119
DA:163,119
DA:164,119
DA:166,119
DA:167,119
DA:168,119
DA:169,119
DA:170,119
DA:171,119
DA:172,119
DA:174,119
DA:176,119
DA:177,119
DA:178,714
DA:179,714
DA:180,714
DA:181,119
DA:182,119
DA:183,119
DA:185,119
DA:186,119
DA:188,119
DA:189,119
DA:190,119
DA:191,357
DA:192,357
DA:193,357
DA:194,357
DA:195,357
DA:196,357
DA:197,357
DA:198,357
DA:199,119
DA:200,119
DA:201,119
DA:203,119
DA:204,119
DA:206,119
DA:207,119
DA:209,119
DA:210,119
DA:211,119
DA:212,357
DA:213,357
DA:214,357
DA:215,357
DA:216,357
DA:217,357
DA:218,357
DA:219,357
DA:220,119
DA:221,119
DA:222,119
DA:224,119
DA:225,119
DA:226,119
DA:227,119
DA:228,119
DA:229,119
DA:230,119
DA:231,119
DA:232,119
DA:234,119
DA:235,119
DA:236,14
DA:237,14
DA:238,14
DA:239,14
DA:240,14
DA:241,14
DA:243,14
DA:245,146
DA:246,146
DA:247,146
DA:248,146
DA:251,146
DA:252,82
DA:253,82
DA:254,24
DA:255,58
DA:256,1
DA:257,57
DA:258,82
DA:260,146
DA:261,146
DA:262,146
DA:263,146
DA:265,146
LF:215
LH:215
BRDA:36,0,0,146
BRDA:91,1,0,2
BRDA:91,2,0,1
BRDA:93,3,0,144
BRDA:100,4,0,101
BRDA:128,5,0,18
BRDA:134,6,0,126
BRDA:136,7,0,7
BRDA:142,8,0,2
BRDA:142,9,0,5
BRDA:143,10,0,2
BRDA:144,11,0,5
BRDA:145,12,0,1
BRDA:146,13,0,4
BRDA:148,14,0,2
BRDA:148,15,0,5
BRDA:157,16,0,119
BRDA:235,17,0,14
BRDA:245,18,0,37
BRDA:246,19,0,7
BRDA:246,20,0,112
BRDA:246,21,0,13
BRDA:246,22,0,99
BRDA:251,23,0,82
BRDA:251,24,0,82
BRDA:253,25,0,25
BRDA:253,26,0,24
BRDA:254,27,0,1
BRDA:254,28,0,23
BRDA:254,29,0,58
BRDA:255,30,0,1
BRDA:256,31,0,57
BRDA:257,32,0,16
BRDA:257,33,0,41
BRDA:47,34,0,870
BRDA:56,35,0,27
BRDA:57,36,0,17
BRDA:57,37,0,10
BRDA:65,38,0,7
BRDA:66,39,0,0
BRDA:67,40,0,2
BRDA:74,41,0,3
BRDA:69,42,0,42
BRDA:71,43,0,22
BRDA:71,44,0,20
BRDA:76,45,0,2
BRDA:82,46,0,9
BRDA:86,47,0,10
BRDA:95,48,0,55
BRDA:96,49,0,55
BRDA:99,50,0,864
BRDA:102,51,0,7
BRDA:104,52,0,0
BRDA:114,53,0,5
BRDA:116,54,0,1
BRDA:117,55,0,6
BRDA:118,56,0,4
BRDA:120,57,0,2
BRDA:113,58,0,42
BRDA:149,59,0,4
BRDA:149,60,0,1
BRDA:150,61,0,3
BRDA:151,62,0,1
BRDA:152,63,0,2
BRDA:152,64,0,1
BRDA:172,65,0,8
BRDA:177,66,0,714
BRDA:190,67,0,357
BRDA:197,68,0,29
BRDA:211,69,0,357
BRDA:218,70,0,26
BRDA:229,71,0,15
BRDA:239,72,0,1
BRF:73
BRH:71
end_of_record
TN:
SF:src/screens/admin/AdminDashboard.jsx
FN:38,extractDoctorsList
FN:46,formatDate
FN:63,getInitials
FN:86,dayLabel
FN:92,formatReviewTime
FN:100,AdminDashboard
FN:214,handleUnlock
FN:224,handleLock
FN:231,handleApprove
FN:254,onClick
FN:287,onChange
FN:471,onClick
FNF:12
FNH:12
FNDA:37,extractDoctorsList
FNDA:134,formatDate
FNDA:134,getInitials
FNDA:180,dayLabel
FNDA:180,formatReviewTime
FNDA:181,AdminDashboard
FNDA:1,handleUnlock
FNDA:1,handleLock
FNDA:5,handleApprove
FNDA:1,onClick
FNDA:27,onChange
FNDA:5,onClick
DA:1,1
DA:26,1
DA:27,1
DA:28,1
DA:29,1
DA:30,1
DA:31,1
DA:32,1
DA:33,1
DA:34,1
DA:35,1
DA:36,1
DA:38,37
DA:39,37
DA:40,37
DA:41,14
DA:42,14
DA:43,1
DA:44,1
DA:46,134
DA:47,134
DA:48,62
DA:49,62
DA:50,134
DA:51,60
DA:52,60
DA:53,60
DA:54,60
DA:55,60
DA:56,60
DA:57,60
DA:58,134
DA:59,0
DA:60,0
DA:61,134
DA:63,134
DA:64,134
DA:65,128
DA:66,134
DA:67,66
DA:68,66
DA:69,134
DA:70,134
DA:72,1
DA:73,1
DA:74,1
DA:75,1
DA:76,1
DA:78,1
DA:79,1
DA:80,1
DA:81,1
DA:82,1
DA:86,180
DA:87,180
DA:88,180
DA:89,178
DA:90,178
DA:92,180
DA:93,180
DA:94,180
DA:95,4
DA:96,180
DA:97,2
DA:98,2
DA:100,181
DA:101,181
DA:102,181
DA:105,181
DA:106,181
DA:107,181
DA:109,181
DA:110,181
DA:111,181
DA:112,181
DA:113,181
DA:114,181
DA:119,181
DA:120,181
DA:121,181
DA:122,181
DA:123,181
DA:125,181
DA:126,181
DA:127,181
DA:128,181
DA:129,181
DA:130,181
DA:131,181
DA:132,181
DA:133,181
DA:134,181
DA:135,181
DA:136,181
DA:137,181
DA:139,181
DA:140,181
DA:141,181
DA:142,181
DA:143,181
DA:144,181
DA:145,181
DA:146,181
DA:147,181
DA:148,181
DA:149,181
DA:151,181
DA:152,181
DA:153,181
DA:154,181
DA:155,181
DA:156,181
DA:157,181
DA:158,181
DA:159,181
DA:160,181
DA:161,181
DA:162,181
DA:163,181
DA:164,181
DA:165,181
DA:166,181
DA:167,181
DA:170,181
DA:171,181
DA:172,181
DA:173,181
DA:174,181
DA:175,181
DA:177,181
DA:178,55
DA:179,11
DA:180,11
DA:181,11
DA:182,44
DA:183,44
DA:187,44
DA:188,44
DA:189,44
DA:191,44
DA:192,44
DA:193,37
DA:194,55
DA:198,6
DA:199,3
DA:200,3
DA:201,3
DA:202,3
DA:203,3
DA:204,3
DA:205,55
DA:206,43
DA:207,43
DA:208,181
DA:210,181
DA:211,53
DA:212,181
DA:214,181
DA:215,1
DA:216,1
DA:217,1
DA:218,1
DA:219,1
DA:220,1
DA:221,1
DA:222,1
DA:224,181
DA:225,1
DA:226,1
DA:227,1
DA:228,1
DA:229,1
DA:231,181
DA:232,5
DA:234,4
DA:236,4
DA:237,4
DA:238,5
DA:239,5
DA:240,5
DA:241,2
DA:242,2
DA:243,5
DA:244,4
DA:245,4
DA:246,4
DA:247,4
DA:248,4
DA:249,4
DA:250,5
DA:252,181
DA:253,181
DA:254,181
DA:255,181
DA:256,181
DA:257,181
DA:258,181
DA:259,181
DA:260,181
DA:261,181
DA:262,131
DA:263,131
DA:264,131
DA:266,181
DA:271,181
DA:272,49
DA:273,49
DA:274,49
DA:275,49
DA:276,49
DA:277,49
DA:278,49
DA:279,49
DA:280,49
DA:281,49
DA:282,49
DA:283,49
DA:284,49
DA:285,49
DA:286,49
DA:287,49
DA:288,49
DA:289,49
DA:290,49
DA:291,49
DA:292,49
DA:293,49
DA:295,49
DA:296,49
DA:297,49
DA:298,49
DA:299,49
DA:300,49
DA:301,49
DA:303,49
DA:305,131
DA:306,131
DA:307,131
DA:309,131
DA:310,131
DA:312,131
DA:313,131
DA:314,131
DA:315,131
DA:316,131
DA:317,131
DA:318,131
DA:319,131
DA:320,131
DA:321,82
DA:323,49
DA:324,49
DA:325,49
DA:327,181
DA:328,181
DA:330,181
DA:331,181
DA:332,181
DA:333,181
DA:334,181
DA:335,181
DA:336,181
DA:337,49
DA:338,49
DA:339,49
DA:341,82
DA:342,82
DA:343,82
DA:344,82
DA:345,82
DA:346,82
DA:347,82
DA:348,82
DA:349,82
DA:350,82
DA:351,82
DA:352,82
DA:353,82
DA:354,82
DA:355,82
DA:356,82
DA:358,181
DA:359,181
DA:361,181
DA:362,181
DA:363,181
DA:364,181
DA:365,181
DA:366,181
DA:367,181
DA:368,181
DA:369,181
DA:370,181
DA:371,82
DA:372,49
DA:373,181
DA:374,181
DA:375,84
DA:376,84
DA:377,84
DA:379,181
DA:380,181
DA:381,181
DA:383,181
DA:384,181
DA:385,181
DA:386,181
DA:387,181
DA:388,181
DA:389,181
DA:390,80
DA:391,80
DA:392,80
DA:394,181
DA:395,181
DA:396,181
DA:397,181
DA:398,181
DA:399,181
DA:401,181
DA:402,181
DA:403,181
DA:404,181
DA:406,181
DA:408,181
DA:409,6
DA:410,6
DA:411,6
DA:412,6
DA:413,6
DA:414,6
DA:415,6
DA:418,181
DA:419,4
DA:420,4
DA:421,4
DA:422,4
DA:423,4
DA:424,4
DA:425,4
DA:428,181
DA:429,76
DA:430,76
DA:431,134
DA:432,134
DA:433,134
DA:434,134
DA:435,134
DA:436,134
DA:437,134
DA:438,134
DA:439,134
DA:440,134
DA:442,134
DA:443,134
DA:444,134
DA:446,134
DA:447,134
DA:448,134
DA:449,134
DA:450,134
DA:452,134
DA:453,134
DA:454,134
DA:455,134
DA:456,134
DA:457,134
DA:459,134
DA:460,134
DA:461,134
DA:462,134
DA:463,134
DA:464,134
DA:465,134
DA:467,134
DA:468,134
DA:469,134
DA:470,134
DA:471,134
DA:472,134
DA:473,134
DA:475,134
DA:476,4
DA:477,4
DA:479,4
DA:481,130
DA:482,130
DA:484,130
DA:486,134
DA:487,134
DA:488,134
DA:490,76
DA:491,76
DA:493,181
DA:494,181
DA:495,181
DA:497,181
LF:397
LH:395
BRDA:38,0,0,37
BRDA:39,1,0,32
BRDA:39,2,0,5
BRDA:40,3,0,14
BRDA:41,4,0,4
BRDA:42,5,0,1
BRDA:46,6,0,134
BRDA:47,7,0,72
BRDA:47,8,0,62
BRDA:50,9,0,2
BRDA:50,10,0,60
BRDA:58,11,0,0
BRDA:63,12,0,134
BRDA:64,13,0,6
BRDA:64,14,0,128
BRDA:66,15,0,66
BRDA:68,16,0,62
BRDA:69,17,0,0
BRDA:86,18,0,180
BRDA:88,19,0,2
BRDA:88,20,0,178
BRDA:92,21,0,180
BRDA:93,22,0,90
BRDA:94,23,0,86
BRDA:94,24,0,4
BRDA:96,25,0,2
BRDA:100,26,0,181
BRDA:119,27,0,92
BRDA:119,28,0,88
BRDA:120,29,0,92
BRDA:120,30,0,88
BRDA:123,31,0,92
BRDA:261,32,0,131
BRDA:271,33,0,49
BRDA:297,34,0,6
BRDA:303,35,0,131
BRDA:320,36,0,82
BRDA:321,37,0,49
BRDA:324,38,0,4
BRDA:324,39,0,45
BRDA:336,40,0,49
BRDA:338,41,0,4
BRDA:338,42,0,45
BRDA:339,43,0,82
BRDA:367,44,0,49
BRDA:370,45,0,82
BRDA:371,46,0,49
BRDA:374,47,0,84
BRDA:389,48,0,86
BRDA:389,49,0,80
BRDA:391,50,0,18
BRDA:391,51,0,62
BRDA:396,52,0,45
BRDA:396,53,0,86
BRDA:406,54,0,45
BRDA:408,55,0,6
BRDA:412,56,0,4
BRDA:412,57,0,2
BRDA:418,58,0,86
BRDA:418,59,0,80
BRDA:418,60,0,4
BRDA:428,61,0,86
BRDA:428,62,0,80
BRDA:428,63,0,76
BRDA:121,64,0,92
BRDA:122,65,0,92
BRDA:126,66,0,180
BRDA:130,67,0,180
BRDA:139,68,0,540
BRDA:141,69,0,268
BRDA:144,70,0,268
BRDA:144,71,0,2
BRDA:145,72,0,268
BRDA:177,73,0,55
BRDA:178,74,0,11
BRDA:181,75,0,44
BRDA:192,76,0,37
BRDA:194,77,0,6
BRDA:198,78,0,5
BRDA:198,79,0,3
BRDA:198,80,0,3
BRDA:201,81,0,1
BRDA:205,82,0,43
BRDA:188,83,0,42
BRDA:189,84,0,2
BRDA:210,85,0,53
BRDA:214,86,0,1
BRDA:217,87,0,0
BRDA:224,88,0,1
BRDA:231,89,0,5
BRDA:232,90,0,4
BRDA:232,91,0,1
BRDA:232,92,0,4
BRDA:237,93,0,2
BRDA:238,94,0,0
BRDA:240,95,0,2
BRDA:241,96,0,1
BRDA:241,97,0,1
BRDA:243,98,0,4
BRDA:234,99,0,4
BRDA:239,100,0,2
BRDA:239,101,0,4
BRDA:244,102,0,4
BRDA:254,103,0,1
BRDA:287,104,0,27
BRDA:430,105,0,134
BRDA:439,106,0,6
BRDA:449,107,0,74
BRDA:455,108,0,10
BRDA:473,109,0,6
BRDA:475,110,0,4
BRDA:479,111,0,130
BRDA:487,112,0,2
BRDA:471,113,0,5
BRF:114
BRH:110
end_of_record
TN:
SF:src/screens/doctor/DoctorCase.jsx
FN:29,unwrapAssessment
FN:39,displayBoolean
FN:44,directImageSource
FN:49,confidenceLabel
FN:55,DoctorImage
FN:94,onClick
FN:100,DoctorCase
FN:150,closeOnEscape
FN:158,handleCaseShortcuts
FN:195,submitReview
FN:222,onClick
FN:307,onClick
FN:342,onChange
FN:349,onChange
FN:355,onClick
FN:372,onClick
FN:380,onClick
FN:387,onClick
FN:396,onClick
FN:412,onClick
FNF:20
FNH:20
FNDA:63,unwrapAssessment
FNDA:1224,displayBoolean
FNDA:350,directImageSource
FNDA:380,confidenceLabel
FNDA:338,DoctorImage
FNDA:10,onClick
FNDA:275,DoctorCase
FNDA:2,closeOnEscape
FNDA:47,handleCaseShortcuts
FNDA:6,submitReview
FNDA:1,onClick
FNDA:2,onClick
FNDA:5,onChange
FNDA:39,onChange
FNDA:1,onClick
FNDA:2,onClick
FNDA:10,onClick
FNDA:4,onClick
FNDA:2,onClick
FNDA:1,onClick
DA:1,1
DA:14,1
DA:15,1
DA:16,1
DA:17,1
DA:18,1
DA:20,1
DA:21,1
DA:22,1
DA:23,1
DA:24,1
DA:25,1
DA:26,1
DA:27,1
DA:29,63
DA:30,63
DA:31,63
DA:32,246
DA:33,4
DA:34,4
DA:35,246
DA:36,59
DA:37,59
DA:39,1224
DA:40,1224
DA:41,1224
DA:42,1224
DA:44,350
DA:45,350
DA:46,350
DA:47,350
DA:49,380
DA:50,380
DA:51,380
DA:52,380
DA:53,380
DA:55,338
DA:56,338
DA:57,338
DA:58,338
DA:60,338
DA:61,84
DA:62,79
DA:63,79
DA:65,79
DA:66,79
DA:67,75
DA:68,75
DA:69,75
DA:70,79
DA:71,79
DA:72,4
DA:73,4
DA:74,4
DA:75,4
DA:76,79
DA:78,79
DA:79,79
DA:80,79
DA:81,79
DA:82,338
DA:84,338
DA:85,5
DA:86,5
DA:88,338
DA:89,79
DA:90,79
DA:92,254
DA:93,254
DA:94,254
DA:95,254
DA:96,254
DA:98,254
DA:100,275
DA:101,275
DA:102,275
DA:103,275
DA:104,275
DA:105,275
DA:106,275
DA:107,275
DA:108,275
DA:109,275
DA:110,275
DA:111,275
DA:112,275
DA:113,275
DA:114,275
DA:115,275
DA:116,275
DA:117,275
DA:118,275
DA:119,275
DA:122,275
DA:123,9
DA:124,3
DA:125,3
DA:126,3
DA:127,3
DA:128,6
DA:129,275
DA:131,275
DA:132,63
DA:133,63
DA:134,63
DA:135,63
DA:136,58
DA:137,63
DA:138,63
DA:139,63
DA:140,4
DA:141,63
DA:142,62
DA:143,62
DA:144,275
DA:146,275
DA:148,275
DA:149,74
DA:150,10
DA:151,2
DA:152,2
DA:153,10
DA:154,10
DA:155,275
DA:157,275
DA:158,74
DA:159,47
DA:160,47
DA:162,47
DA:163,1
DA:164,1
DA:165,1
DA:166,1
DA:167,47
DA:168,1
DA:169,1
DA:170,1
DA:171,1
DA:172,44
DA:173,2
DA:174,2
DA:175,2
DA:176,2
DA:177,43
DA:178,1
DA:179,1
DA:180,1
DA:181,1
DA:182,47
DA:184,74
DA:185,74
DA:186,275
DA:188,275
DA:189,275
DA:190,275
DA:191,275
DA:192,275
DA:193,275
DA:195,275
DA:196,6
DA:197,6
DA:198,6
DA:199,6
DA:200,6
DA:201,6
DA:202,6
DA:203,6
DA:204,6
DA:205,6
DA:206,5
DA:207,5
DA:208,5
DA:209,6
DA:210,1
DA:211,1
DA:212,1
DA:213,1
DA:214,6
DA:215,6
DA:216,6
DA:217,6
DA:219,275
DA:220,275
DA:221,275
DA:222,275
DA:224,275
DA:225,275
DA:226,6
DA:227,6
DA:228,6
DA:231,275
DA:232,204
DA:233,204
DA:234,204
DA:235,204
DA:236,204
DA:237,204
DA:238,204
DA:239,204
DA:240,204
DA:242,204
DA:243,204
DA:244,204
DA:245,204
DA:246,204
DA:247,204
DA:248,204
DA:249,204
DA:250,204
DA:251,204
DA:252,204
DA:253,204
DA:254,204
DA:255,204
DA:256,204
DA:257,204
DA:259,204
DA:260,204
DA:261,204
DA:262,204
DA:263,204
DA:264,204
DA:265,204
DA:266,204
DA:267,204
DA:268,204
DA:269,204
DA:270,204
DA:271,204
DA:272,204
DA:273,204
DA:274,204
DA:275,204
DA:276,204
DA:277,204
DA:278,204
DA:279,204
DA:280,204
DA:281,180
DA:282,180
DA:283,343
DA:284,343
DA:285,343
DA:286,343
DA:287,343
DA:288,343
DA:289,343
DA:290,180
DA:291,180
DA:292,24
DA:293,204
DA:294,204
DA:295,204
DA:296,204
DA:297,204
DA:298,204
DA:299,204
DA:300,204
DA:302,204
DA:303,176
DA:304,176
DA:305,176
DA:306,176
DA:307,176
DA:308,176
DA:310,176
DA:311,176
DA:312,176
DA:313,1
DA:315,176
DA:317,204
DA:318,204
DA:320,204
DA:321,204
DA:322,204
DA:323,204
DA:324,204
DA:327,204
DA:328,4
DA:329,4
DA:330,4
DA:331,2
DA:332,2
DA:333,2
DA:334,2
DA:335,4
DA:337,4
DA:339,204
DA:340,204
DA:341,204
DA:342,204
DA:343,204
DA:344,204
DA:345,204
DA:346,204
DA:347,204
DA:348,204
DA:349,204
DA:350,204
DA:351,204
DA:352,204
DA:353,204
DA:354,204
DA:355,204
DA:356,204
DA:357,204
DA:358,204
DA:359,204
DA:362,275
DA:363,26
DA:364,26
DA:365,26
DA:366,26
DA:367,26
DA:368,26
DA:369,26
DA:370,26
DA:371,26
DA:372,26
DA:374,26
DA:375,26
DA:376,26
DA:377,26
DA:378,26
DA:379,26
DA:380,26
DA:382,26
DA:383,26
DA:384,26
DA:385,26
DA:386,26
DA:387,26
DA:389,26
DA:390,26
DA:391,26
DA:392,25
DA:393,25
DA:394,25
DA:395,25
DA:396,25
DA:397,2
DA:398,2
DA:399,1
DA:400,1
DA:401,2
DA:404,25
DA:405,25
DA:407,26
DA:408,26
DA:409,26
DA:410,26
DA:411,26
DA:412,26
DA:413,1
DA:414,1
DA:415,1
DA:416,1
DA:417,1
DA:419,26
DA:420,26
DA:421,26
DA:423,26
DA:424,26
DA:425,26
DA:426,26
DA:427,26
DA:428,26
DA:429,26
DA:430,26
DA:431,26
DA:432,26
DA:433,26
DA:434,26
DA:435,1
DA:436,1
DA:437,1
DA:438,1
DA:439,1
DA:440,1
DA:441,1
DA:442,1
DA:443,1
DA:444,1
DA:446,26
DA:447,26
DA:449,275
DA:450,275
DA:452,275
LF:388
LH:388
BRDA:29,0,0,63
BRDA:30,1,0,0
BRDA:31,2,0,246
BRDA:32,3,0,5
BRDA:32,4,0,5
BRDA:32,5,0,4
BRDA:35,6,0,59
BRDA:39,7,0,1224
BRDA:40,8,0,409
BRDA:40,9,0,815
BRDA:41,10,0,489
BRDA:41,11,0,326
BRDA:44,12,0,350
BRDA:45,13,0,347
BRDA:45,14,0,344
BRDA:45,15,0,341
BRDA:46,16,0,12
BRDA:46,17,0,338
BRDA:49,18,0,380
BRDA:51,19,0,28
BRDA:51,20,0,352
BRDA:52,21,0,348
BRDA:52,22,0,4
BRDA:55,23,0,338
BRDA:84,24,0,334
BRDA:84,25,0,80
BRDA:84,26,0,5
BRDA:86,27,0,333
BRDA:88,28,0,79
BRDA:90,29,0,254
BRDA:60,30,0,84
BRDA:61,31,0,80
BRDA:61,32,0,5
BRDA:61,33,0,79
BRDA:66,34,0,75
BRDA:67,35,0,0
BRDA:71,36,0,4
BRDA:78,37,0,79
BRDA:80,38,0,75
BRDA:94,39,0,10
BRDA:100,40,0,275
BRDA:106,41,0,3
BRDA:106,42,0,272
BRDA:188,43,0,205
BRDA:188,44,0,91
BRDA:188,45,0,21
BRDA:188,46,0,91
BRDA:189,47,0,205
BRDA:224,48,0,63
BRDA:225,49,0,6
BRDA:227,50,0,2
BRDA:227,51,0,4
BRDA:227,52,0,2
BRDA:227,53,0,4
BRDA:231,54,0,212
BRDA:231,55,0,206
BRDA:231,56,0,204
BRDA:236,57,0,14
BRDA:236,58,0,14
BRDA:237,59,0,178
BRDA:237,60,0,26
BRDA:237,61,0,178
BRDA:237,62,0,26
BRDA:250,63,0,24
BRDA:254,64,0,26
BRDA:254,65,0,26
BRDA:268,66,0,41
BRDA:268,67,0,2
BRDA:268,68,0,39
BRDA:276,69,0,163
BRDA:280,70,0,180
BRDA:291,71,0,24
BRDA:298,72,0,176
BRDA:300,73,0,26
BRDA:302,74,0,176
BRDA:310,75,0,1
BRDA:310,76,0,175
BRDA:312,77,0,1
BRDA:327,78,0,4
BRDA:330,79,0,2
BRDA:351,80,0,1
BRDA:352,81,0,5
BRDA:354,82,0,63
BRDA:354,83,0,6
BRDA:354,84,0,198
BRDA:355,85,0,5
BRDA:362,86,0,26
BRDA:391,87,0,25
BRDA:394,88,0,1
BRDA:394,89,0,24
BRDA:404,90,0,1
BRDA:404,91,0,24
BRDA:423,92,0,1
BRDA:423,93,0,25
BRDA:427,94,0,0
BRDA:434,95,0,1
BRDA:122,96,0,9
BRDA:123,97,0,3
BRDA:127,98,0,6
BRDA:131,99,0,63
BRDA:135,100,0,58
BRDA:137,101,0,57
BRDA:137,102,0,1
BRDA:137,103,0,56
BRDA:138,104,0,57
BRDA:138,105,0,1
BRDA:138,106,0,56
BRDA:139,107,0,4
BRDA:140,108,0,3
BRDA:141,109,0,62
BRDA:136,110,0,58
BRDA:146,111,0,62
BRDA:148,112,0,74
BRDA:149,113,0,64
BRDA:149,114,0,10
BRDA:150,115,0,2
BRDA:151,116,0,1
BRDA:154,117,0,10
BRDA:157,118,0,74
BRDA:158,119,0,47
BRDA:159,120,0,2
BRDA:159,121,0,45
BRDA:162,122,0,1
BRDA:162,123,0,1
BRDA:162,124,0,1
BRDA:167,125,0,44
BRDA:167,126,0,1
BRDA:167,127,0,1
BRDA:167,128,0,1
BRDA:172,129,0,43
BRDA:172,130,0,3
BRDA:172,131,0,3
BRDA:172,132,0,2
BRDA:177,133,0,41
BRDA:177,134,0,2
BRDA:177,135,0,1
BRDA:185,136,0,74
BRDA:191,137,0,144
BRDA:191,138,0,95
BRDA:191,139,0,94
BRDA:191,140,0,24
BRDA:191,141,0,92
BRDA:195,142,0,6
BRDA:197,143,0,0
BRDA:205,144,0,5
BRDA:209,145,0,1
BRDA:206,146,0,5
BRDA:222,147,0,1
BRDA:282,148,0,343
BRDA:288,149,0,10
BRDA:288,150,0,2
BRDA:307,151,0,2
BRDA:307,152,0,2
BRDA:342,153,0,5
BRDA:344,154,0,612
BRDA:349,155,0,39
BRDA:355,156,0,1
BRDA:372,157,0,2
BRDA:372,158,0,2
BRDA:380,159,0,10
BRDA:380,160,0,10
BRDA:387,161,0,4
BRDA:387,162,0,4
BRDA:396,163,0,2
BRDA:398,164,0,1
BRDA:399,165,0,1
BRDA:400,166,0,0
BRDA:400,167,0,1
BRDA:412,168,0,1
BRF:169
BRH:164
end_of_record
TN:
SF:src/screens/doctor/DoctorLogin.jsx
FN:11,DoctorLogin
FN:36,resetToPhone
FN:46,handlePhoneSubmit
FN:66,handleVerifyOtp
FN:88,checkAndRoute
FN:116,handleRegister
FN:141,loginDoctor
FN:171,resendOtp
FN:216,onChange
FN:237,onClick
FN:248,onChange
FN:252,onChange
FN:257,onClick
FN:265,onClick
FNF:14
FNH:14
FNDA:466,DoctorLogin
FNDA:3,resetToPhone
FNDA:24,handlePhoneSubmit
FNDA:19,handleVerifyOtp
FNDA:16,checkAndRoute
FNDA:3,handleRegister
FNDA:7,loginDoctor
FNDA:2,resendOtp
FNDA:265,onChange
FNDA:1,onClick
FNDA:34,onChange
FNDA:36,onChange
FNDA:1,onClick
FNDA:1,onClick
DA:1,1
DA:11,466
DA:12,466
DA:13,466
DA:14,466
DA:16,466
DA:17,466
DA:18,466
DA:19,466
DA:20,466
DA:21,466
DA:22,466
DA:23,466
DA:25,466
DA:26,466
DA:32,466
DA:33,28
DA:34,466
DA:36,466
DA:37,3
DA:38,3
DA:39,3
DA:40,3
DA:41,3
DA:42,3
DA:43,3
DA:46,466
DA:47,24
DA:48,24
DA:49,24
DA:50,24
DA:51,24
DA:52,24
DA:53,24
DA:54,24
DA:55,23
DA:56,23
DA:57,24
DA:58,1
DA:59,1
DA:60,24
DA:61,24
DA:62,24
DA:63,24
DA:66,466
DA:67,19
DA:68,19
DA:69,19
DA:70,19
DA:71,1
DA:72,1
DA:73,18
DA:76,16
DA:77,19
DA:78,3
DA:79,3
DA:80,3
DA:81,19
DA:88,466
DA:89,16
DA:90,16
DA:92,16
DA:94,6
DA:95,6
DA:96,6
DA:97,6
DA:99,16
DA:101,2
DA:102,2
DA:103,2
DA:104,2
DA:107,7
DA:108,16
DA:109,1
DA:110,1
DA:111,1
DA:112,1
DA:113,16
DA:116,466
DA:117,3
DA:118,3
DA:119,3
DA:120,3
DA:121,3
DA:124,3
DA:125,3
DA:126,3
DA:127,3
DA:128,1
DA:129,3
DA:130,2
DA:131,1
DA:132,1
DA:133,1
DA:134,1
DA:135,3
DA:136,3
DA:137,3
DA:138,3
DA:141,466
DA:142,7
DA:143,7
DA:145,7
DA:147,4
DA:148,7
DA:149,7
DA:151,7
DA:152,7
DA:153,7
DA:154,7
DA:155,7
DA:156,3
DA:157,1
DA:158,1
DA:159,3
DA:160,1
DA:161,1
DA:162,1
DA:163,1
DA:164,1
DA:165,7
DA:166,7
DA:167,7
DA:168,7
DA:171,466
DA:172,2
DA:173,2
DA:174,2
DA:175,2
DA:176,2
DA:177,2
DA:178,1
DA:179,1
DA:180,1
DA:181,1
DA:182,2
DA:183,2
DA:184,2
DA:185,2
DA:187,466
DA:188,466
DA:189,466
DA:190,466
DA:191,466
DA:192,466
DA:193,466
DA:194,466
DA:195,466
DA:196,466
DA:197,466
DA:198,466
DA:199,466
DA:200,466
DA:202,466
DA:203,466
DA:205,466
DA:206,320
DA:207,320
DA:208,320
DA:209,320
DA:210,320
DA:211,320
DA:212,320
DA:213,320
DA:214,320
DA:215,320
DA:216,320
DA:217,320
DA:218,320
DA:219,320
DA:220,320
DA:221,320
DA:222,320
DA:223,320
DA:226,466
DA:227,60
DA:228,60
DA:229,60
DA:230,60
DA:231,60
DA:232,60
DA:233,60
DA:234,60
DA:235,60
DA:236,60
DA:237,60
DA:238,60
DA:241,466
DA:242,81
DA:243,81
DA:245,81
DA:246,81
DA:247,81
DA:248,81
DA:249,81
DA:250,81
DA:251,81
DA:252,81
DA:253,81
DA:254,81
DA:255,81
DA:256,81
DA:257,81
DA:258,81
DA:261,466
DA:262,4
DA:263,4
DA:264,4
DA:265,4
DA:266,4
DA:268,466
DA:269,466
DA:270,466
DA:271,466
DA:273,466
LF:215
LH:215
BRDA:11,0,0,466
BRDA:26,1,0,74
BRDA:198,2,0,4
BRDA:198,3,0,461
BRDA:203,4,0,7
BRDA:205,5,0,320
BRDA:220,6,0,57
BRDA:221,7,0,24
BRDA:221,8,0,296
BRDA:226,9,0,60
BRDA:236,10,0,4
BRDA:241,11,0,81
BRDA:254,12,0,39
BRDA:255,13,0,3
BRDA:255,14,0,78
BRDA:261,15,0,4
BRDA:32,16,0,28
BRDA:36,17,0,3
BRDA:46,18,0,24
BRDA:48,19,0,0
BRDA:54,20,0,23
BRDA:57,21,0,1
BRDA:66,22,0,19
BRDA:70,23,0,1
BRDA:72,24,0,18
BRDA:73,25,0,16
BRDA:77,26,0,3
BRDA:78,27,0,1
BRDA:88,28,0,16
BRDA:90,29,0,15
BRDA:92,30,0,6
BRDA:97,31,0,9
BRDA:99,32,0,2
BRDA:104,33,0,7
BRDA:108,34,0,1
BRDA:116,35,0,3
BRDA:118,36,0,0
BRDA:127,37,0,1
BRDA:129,38,0,2
BRDA:130,39,0,1
BRDA:141,40,0,7
BRDA:145,41,0,4
BRDA:148,42,0,1
BRDA:149,43,0,4
BRDA:151,44,0,1
BRDA:151,45,0,3
BRDA:153,46,0,1
BRDA:153,47,0,3
BRDA:155,48,0,3
BRDA:156,49,0,1
BRDA:159,50,0,2
BRDA:159,51,0,1
BRDA:163,52,0,0
BRDA:171,53,0,2
BRDA:177,54,0,1
BRDA:216,55,0,265
BRDA:237,56,0,1
BRDA:248,57,0,34
BRDA:252,58,0,36
BRDA:257,59,0,1
BRDA:265,60,0,1
BRF:61
BRH:58
end_of_record
TN:
SF:src/screens/doctor/DoctorQueue.jsx
FN:27,submitted
FN:28,risk
FN:29,patient
FN:32,queueItems
FN:40,relativeTime
FN:51,SortableHeader
FN:62,onClick
FN:73,DoctorQueue
FN:158,handleKeyDown
FN:202,onClick
FN:211,onClick
FN:226,onClick
FN:304,onClick
FNF:13
FNH:12
FNDA:68,submitted
FNDA:2,risk
FNDA:4,patient
FNDA:40,queueItems
FNDA:209,relativeTime
FNDA:180,SortableHeader
FNDA:5,onClick
FNDA:137,DoctorQueue
FNDA:17,handleKeyDown
FNDA:0,onClick
FNDA:6,onClick
FNDA:3,onClick
FNDA:1,onClick
DA:1,1
DA:12,1
DA:13,1
DA:14,1
DA:15,1
DA:16,1
DA:18,1
DA:19,1
DA:20,1
DA:21,1
DA:26,1
DA:27,1
DA:28,1
DA:29,1
DA:30,1
DA:32,40
DA:33,40
DA:34,40
DA:35,14
DA:36,14
DA:37,1
DA:38,1
DA:40,209
DA:41,209
DA:42,209
DA:43,208
DA:44,209
DA:45,209
DA:46,209
DA:47,209
DA:48,1
DA:49,1
DA:51,180
DA:52,180
DA:53,180
DA:54,180
DA:55,180
DA:56,180
DA:57,180
DA:59,180
DA:60,180
DA:61,180
DA:62,180
DA:64,180
DA:65,180
DA:66,180
DA:67,180
DA:68,180
DA:69,180
DA:71,180
DA:73,137
DA:74,137
DA:75,137
DA:76,137
DA:77,137
DA:78,137
DA:80,137
DA:81,137
DA:84,137
DA:86,137
DA:87,44
DA:88,44
DA:89,44
DA:90,44
DA:91,40
DA:92,44
DA:96,3
DA:97,1
DA:98,1
DA:99,1
DA:100,1
DA:101,2
DA:102,44
DA:103,43
DA:104,43
DA:105,137
DA:107,137
DA:109,137
DA:110,83
DA:111,83
DA:112,96
DA:113,96
DA:114,83
DA:115,137
DA:117,137
DA:118,83
DA:119,83
DA:120,96
DA:121,67
DA:122,96
DA:123,83
DA:124,137
DA:126,137
DA:127,99
DA:128,144
DA:129,144
DA:130,144
DA:131,144
DA:132,9
DA:133,144
DA:134,99
DA:135,99
DA:136,99
DA:137,99
DA:138,137
DA:140,137
DA:142,137
DA:143,5
DA:144,5
DA:145,2
DA:146,3
DA:147,5
DA:148,137
DA:150,137
DA:151,2
DA:152,2
DA:153,137
DA:155,137
DA:157,137
DA:158,107
DA:159,17
DA:160,16
DA:162,17
DA:163,10
DA:164,10
DA:165,17
DA:166,1
DA:167,1
DA:168,6
DA:169,4
DA:170,4
DA:171,4
DA:172,4
DA:173,4
DA:174,17
DA:176,107
DA:177,107
DA:178,137
DA:180,137
DA:181,137
DA:182,137
DA:183,137
DA:184,137
DA:185,137
DA:186,137
DA:187,137
DA:188,137
DA:189,88
DA:190,88
DA:191,88
DA:192,88
DA:194,137
DA:196,137
DA:197,83
DA:198,83
DA:199,83
DA:200,83
DA:201,83
DA:202,83
DA:203,83
DA:205,83
DA:206,83
DA:207,249
DA:208,249
DA:209,249
DA:210,249
DA:211,249
DA:213,249
DA:214,249
DA:215,249
DA:216,249
DA:217,83
DA:218,83
DA:220,83
DA:221,83
DA:222,166
DA:223,166
DA:224,166
DA:225,166
DA:226,166
DA:228,166
DA:229,166
DA:230,166
DA:231,83
DA:232,83
DA:234,83
DA:235,8
DA:237,8
DA:239,83
DA:242,137
DA:243,137
DA:244,4
DA:245,4
DA:246,4
DA:249,137
DA:250,5
DA:251,5
DA:252,5
DA:253,5
DA:256,137
DA:257,2
DA:258,2
DA:259,2
DA:260,2
DA:262,2
DA:263,2
DA:266,137
DA:267,81
DA:268,81
DA:269,81
DA:270,81
DA:271,81
DA:272,81
DA:273,81
DA:274,81
DA:275,81
DA:276,81
DA:277,81
DA:278,81
DA:279,81
DA:280,81
DA:281,81
DA:282,81
DA:283,81
DA:284,81
DA:285,81
DA:286,81
DA:287,81
DA:288,81
DA:289,81
DA:290,81
DA:291,81
DA:292,81
DA:293,81
DA:294,81
DA:295,81
DA:296,209
DA:297,209
DA:298,209
DA:299,209
DA:300,209
DA:301,209
DA:302,209
DA:303,209
DA:304,209
DA:305,1
DA:306,1
DA:308,209
DA:309,209
DA:310,209
DA:311,209
DA:312,209
DA:313,209
DA:314,209
DA:315,209
DA:317,209
DA:318,209
DA:319,209
DA:320,209
DA:321,209
DA:322,209
DA:323,209
DA:324,209
DA:325,209
DA:326,209
DA:327,209
DA:329,81
DA:330,81
DA:332,137
DA:333,137
DA:335,137
LF:271
LH:271
BRDA:27,0,0,68
BRDA:27,1,0,0
BRDA:27,2,0,0
BRDA:28,3,0,2
BRDA:28,4,0,0
BRDA:28,5,0,0
BRDA:29,6,0,4
BRDA:29,7,0,2
BRDA:29,8,0,0
BRDA:29,9,0,2
BRDA:29,10,0,0
BRDA:32,11,0,40
BRDA:33,12,0,35
BRDA:33,13,0,5
BRDA:34,14,0,14
BRDA:35,15,0,4
BRDA:36,16,0,1
BRDA:40,17,0,209
BRDA:42,18,0,1
BRDA:42,19,0,208
BRDA:44,20,0,1
BRDA:44,21,0,207
BRDA:45,22,0,75
BRDA:45,23,0,132
BRDA:46,24,0,66
BRDA:47,25,0,65
BRDA:47,26,0,1
BRDA:51,27,0,180
BRDA:57,28,0,60
BRDA:57,29,0,58
BRDA:57,30,0,2
BRDA:57,31,0,120
BRDA:61,32,0,60
BRDA:61,33,0,120
BRDA:66,34,0,60
BRDA:66,35,0,58
BRDA:66,36,0,2
BRDA:66,37,0,120
BRDA:62,38,0,5
BRDA:73,39,0,137
BRDA:140,40,0,129
BRDA:188,41,0,92
BRDA:188,42,0,88
BRDA:190,43,0,8
BRDA:190,44,0,80
BRDA:191,45,0,11
BRDA:191,46,0,77
BRDA:196,47,0,92
BRDA:196,48,0,88
BRDA:196,49,0,83
BRDA:201,50,0,76
BRDA:201,51,0,7
BRDA:234,52,0,8
BRDA:242,53,0,44
BRDA:243,54,0,4
BRDA:249,55,0,92
BRDA:249,56,0,88
BRDA:249,57,0,5
BRDA:256,58,0,92
BRDA:256,59,0,88
BRDA:256,60,0,83
BRDA:256,61,0,2
BRDA:266,62,0,92
BRDA:266,63,0,88
BRDA:266,64,0,81
BRDA:86,65,0,44
BRDA:90,66,0,40
BRDA:92,67,0,3
BRDA:96,68,0,1
BRDA:100,69,0,2
BRDA:102,70,0,42
BRDA:102,71,0,43
BRDA:107,72,0,43
BRDA:109,73,0,83
BRDA:111,74,0,96
BRDA:112,75,0,88
BRDA:117,76,0,83
BRDA:119,77,0,96
BRDA:120,78,0,29
BRDA:120,79,0,67
BRDA:126,80,0,99
BRDA:135,81,0,0
BRDA:136,82,0,97
BRDA:136,83,0,2
BRDA:127,84,0,144
BRDA:128,85,0,21
BRDA:131,86,0,9
BRDA:132,87,0,0
BRDA:133,88,0,130
BRDA:137,89,0,74
BRDA:142,90,0,5
BRDA:143,91,0,5
BRDA:144,92,0,2
BRDA:145,93,0,0
BRDA:145,94,0,3
BRDA:150,95,0,2
BRDA:157,96,0,107
BRDA:158,97,0,17
BRDA:159,98,0,1
BRDA:159,99,0,16
BRDA:160,100,0,0
BRDA:160,101,0,16
BRDA:162,102,0,8
BRDA:162,103,0,10
BRDA:165,104,0,6
BRDA:165,105,0,1
BRDA:168,106,0,5
BRDA:168,107,0,4
BRDA:168,108,0,4
BRDA:171,109,0,1
BRDA:164,110,0,10
BRDA:167,111,0,1
BRDA:177,112,0,107
BRDA:206,113,0,249
BRDA:210,114,0,7
BRDA:210,115,0,242
BRDA:215,116,0,0
BRDA:211,117,0,6
BRDA:211,118,0,1
BRDA:211,119,0,5
BRDA:221,120,0,166
BRDA:225,121,0,3
BRDA:225,122,0,163
BRDA:229,123,0,0
BRDA:226,124,0,3
BRDA:226,125,0,0
BRDA:295,126,0,209
BRDA:309,127,0,75
BRDA:309,128,0,10
BRDA:310,129,0,70
BRDA:310,130,0,139
BRDA:310,131,0,70
BRDA:310,132,0,139
BRDA:315,133,0,208
BRDA:315,134,0,1
BRDA:322,135,0,65
BRDA:322,136,0,144
BRDA:324,137,0,65
BRDA:324,138,0,144
BRDA:304,139,0,1
BRF:140
BRH:127
end_of_record
